mode: set
guidely-app/internal/album/repository/album_repo.go:16.48,18.2 1 0
guidely-app/internal/album/repository/album_repo.go:20.76,26.2 2 0
guidely-app/internal/album/repository/album_repo.go:28.84,36.35 4 0
guidely-app/internal/album/repository/album_repo.go:36.35,38.3 1 0
guidely-app/internal/album/repository/album_repo.go:39.2,39.20 1 0
guidely-app/internal/album/repository/album_repo.go:42.91,46.16 3 0
guidely-app/internal/album/repository/album_repo.go:46.16,48.3 1 0
guidely-app/internal/album/repository/album_repo.go:49.2,51.18 3 0
guidely-app/internal/album/repository/album_repo.go:51.18,54.75 2 0
guidely-app/internal/album/repository/album_repo.go:54.75,56.4 1 0
guidely-app/internal/album/repository/album_repo.go:57.3,57.29 1 0
guidely-app/internal/album/repository/album_repo.go:59.2,59.20 1 0
guidely-app/internal/album/repository/album_repo.go:62.76,67.2 3 0
guidely-app/internal/album/repository/album_repo.go:69.66,72.2 2 0
guidely-app/internal/album/repository/album_repo.go:74.95,78.2 2 0
guidely-app/internal/album/repository/album_repo.go:80.85,83.2 2 0
guidely-app/internal/album/repository/album_repo.go:85.97,89.16 3 0
guidely-app/internal/album/repository/album_repo.go:89.16,91.3 1 0
guidely-app/internal/album/repository/album_repo.go:92.2,94.18 3 0
guidely-app/internal/album/repository/album_repo.go:94.18,96.88 2 0
guidely-app/internal/album/repository/album_repo.go:96.88,98.4 1 0
guidely-app/internal/album/repository/album_repo.go:99.3,99.29 1 0
guidely-app/internal/album/repository/album_repo.go:101.2,101.20 1 0
guidely-app/internal/album/server.go:18.42,20.2 1 0
guidely-app/internal/album/server.go:22.41,31.2 1 0
guidely-app/internal/album/server.go:33.57,40.2 1 0
guidely-app/internal/album/server.go:42.93,49.45 2 0
guidely-app/internal/album/server.go:49.45,51.3 1 0
guidely-app/internal/album/server.go:52.2,52.24 1 0
guidely-app/internal/album/server.go:55.87,57.28 2 0
guidely-app/internal/album/server.go:57.28,59.3 1 0
guidely-app/internal/album/server.go:60.2,60.24 1 0
guidely-app/internal/album/server.go:63.99,65.36 2 0
guidely-app/internal/album/server.go:65.36,67.3 1 0
guidely-app/internal/album/server.go:68.2,68.33 1 0
guidely-app/internal/album/server.go:71.93,78.45 2 0
guidely-app/internal/album/server.go:78.45,80.3 1 0
guidely-app/internal/album/server.go:81.2,81.24 1 0
guidely-app/internal/album/server.go:84.98,85.50 1 0
guidely-app/internal/album/server.go:85.50,87.3 1 0
guidely-app/internal/album/server.go:88.2,88.30 1 0
guidely-app/internal/album/server.go:91.97,92.88 1 0
guidely-app/internal/album/server.go:92.88,94.3 1 0
guidely-app/internal/album/server.go:95.2,99.8 1 0
guidely-app/internal/album/server.go:102.103,103.73 1 0
guidely-app/internal/album/server.go:103.73,105.3 1 0
guidely-app/internal/album/server.go:106.2,106.30 1 0
guidely-app/internal/album/server.go:109.116,111.16 2 0
guidely-app/internal/album/server.go:111.16,113.3 1 0
guidely-app/internal/album/server.go:114.2,115.27 2 0
guidely-app/internal/album/server.go:115.27,117.3 1 0
guidely-app/internal/album/server.go:118.2,118.58 1 0
guidely-app/internal/album/service.go:24.63,26.2 1 0
guidely-app/internal/album/service.go:28.79,30.2 1 0
guidely-app/internal/album/service.go:32.91,34.2 1 0
guidely-app/internal/album/service.go:36.98,38.2 1 0
guidely-app/internal/album/service.go:40.79,42.2 1 0
guidely-app/internal/album/service.go:44.73,46.2 1 0
guidely-app/internal/album/service.go:48.102,50.2 1 0
guidely-app/internal/album/service.go:52.92,54.2 1 0
guidely-app/internal/album/service.go:56.104,58.2 1 0
guidely-app/internal/album/repository/album_repo.go:16.48,18.2 1 0
guidely-app/internal/album/repository/album_repo.go:20.76,26.2 2 0
guidely-app/internal/album/repository/album_repo.go:28.84,36.35 4 0
guidely-app/internal/album/repository/album_repo.go:36.35,38.3 1 0
guidely-app/internal/album/repository/album_repo.go:39.2,39.20 1 0
guidely-app/internal/album/repository/album_repo.go:42.91,46.16 3 0
guidely-app/internal/album/repository/album_repo.go:46.16,48.3 1 0
guidely-app/internal/album/repository/album_repo.go:49.2,51.18 3 0
guidely-app/internal/album/repository/album_repo.go:51.18,54.75 2 0
guidely-app/internal/album/repository/album_repo.go:54.75,56.4 1 0
guidely-app/internal/album/repository/album_repo.go:57.3,57.29 1 0
guidely-app/internal/album/repository/album_repo.go:59.2,59.20 1 0
guidely-app/internal/album/repository/album_repo.go:62.76,67.2 3 0
guidely-app/internal/album/repository/album_repo.go:69.66,72.2 2 0
guidely-app/internal/album/repository/album_repo.go:74.95,78.2 2 0
guidely-app/internal/album/repository/album_repo.go:80.85,83.2 2 0
guidely-app/internal/album/repository/album_repo.go:85.97,89.16 3 0
guidely-app/internal/album/repository/album_repo.go:89.16,91.3 1 0
guidely-app/internal/album/repository/album_repo.go:92.2,94.18 3 0
guidely-app/internal/album/repository/album_repo.go:94.18,96.88 2 0
guidely-app/internal/album/repository/album_repo.go:96.88,98.4 1 0
guidely-app/internal/album/repository/album_repo.go:99.3,99.29 1 0
guidely-app/internal/album/repository/album_repo.go:101.2,101.20 1 0
guidely-app/internal/auth/server.go:18.41,20.2 1 0
guidely-app/internal/auth/server.go:21.103,23.16 2 0
guidely-app/internal/auth/server.go:23.16,25.3 1 0
guidely-app/internal/auth/server.go:26.2,26.76 1 0
guidely-app/internal/auth/server.go:29.94,31.16 2 0
guidely-app/internal/auth/server.go:31.16,33.3 1 0
guidely-app/internal/auth/server.go:34.2,34.114 1 0
guidely-app/internal/auth/server.go:37.93,38.53 1 0
guidely-app/internal/auth/server.go:38.53,40.3 1 0
guidely-app/internal/auth/server.go:41.2,41.30 1 0
guidely-app/internal/auth/server.go:44.89,46.31 2 0
guidely-app/internal/auth/server.go:46.31,48.3 1 0
guidely-app/internal/auth/server.go:49.2,55.8 1 0
guidely-app/internal/auth/server.go:58.101,60.16 2 0
guidely-app/internal/auth/server.go:60.16,62.3 1 0
guidely-app/internal/auth/server.go:63.2,69.8 1 0
guidely-app/internal/auth/server.go:72.79,72.93 1 0
guidely-app/internal/auth/server.go:73.99,75.2 1 0
guidely-app/internal/auth/service.go:30.107,32.2 1 0
guidely-app/internal/auth/service.go:34.101,35.35 1 0
guidely-app/internal/auth/service.go:35.35,37.3 1 0
guidely-app/internal/auth/service.go:38.2,38.41 1 0
guidely-app/internal/auth/service.go:38.41,40.3 1 0
guidely-app/internal/auth/service.go:41.2,41.26 1 0
guidely-app/internal/auth/service.go:41.26,43.3 1 0
guidely-app/internal/auth/service.go:44.2,44.62 1 0
guidely-app/internal/auth/service.go:44.62,46.3 1 0
guidely-app/internal/auth/service.go:47.2,47.76 1 0
guidely-app/internal/auth/service.go:47.76,49.3 1 0
guidely-app/internal/auth/service.go:50.2,51.16 2 0
guidely-app/internal/auth/service.go:51.16,53.3 1 0
guidely-app/internal/auth/service.go:54.2,55.53 2 0
guidely-app/internal/auth/service.go:55.53,57.3 1 0
guidely-app/internal/auth/service.go:58.2,59.16 2 0
guidely-app/internal/auth/service.go:59.16,61.3 1 0
guidely-app/internal/auth/service.go:62.2,67.59 2 0
guidely-app/internal/auth/service.go:67.59,69.3 1 0
guidely-app/internal/auth/service.go:70.2,70.25 1 0
guidely-app/internal/auth/service.go:73.95,75.31 2 0
guidely-app/internal/auth/service.go:75.31,77.3 1 0
guidely-app/internal/auth/service.go:78.2,78.62 1 0
guidely-app/internal/auth/service.go:78.62,80.3 1 0
guidely-app/internal/auth/service.go:81.2,82.16 2 0
guidely-app/internal/auth/service.go:82.16,84.3 1 0
guidely-app/internal/auth/service.go:85.2,90.59 2 0
guidely-app/internal/auth/service.go:90.59,92.3 1 0
guidely-app/internal/auth/service.go:93.2,93.25 1 0
guidely-app/internal/auth/service.go:96.71,98.2 1 0
guidely-app/internal/auth/service.go:100.89,102.2 1 0
guidely-app/internal/auth/service.go:104.135,106.31 2 0
guidely-app/internal/auth/service.go:106.31,108.3 1 0
guidely-app/internal/auth/service.go:109.2,109.17 1 0
guidely-app/internal/auth/service.go:109.17,111.3 1 0
guidely-app/internal/auth/service.go:112.2,112.19 1 0
guidely-app/internal/auth/service.go:112.19,114.3 1 0
guidely-app/internal/auth/service.go:115.2,115.20 1 0
guidely-app/internal/auth/service.go:115.20,117.3 1 0
guidely-app/internal/auth/service.go:118.2,118.17 1 0
guidely-app/internal/auth/service.go:118.17,120.3 1 0
guidely-app/internal/auth/service.go:121.2,121.18 1 0
guidely-app/internal/auth/service.go:121.18,123.3 1 0
guidely-app/internal/auth/service.go:124.2,124.53 1 0
guidely-app/internal/auth/service.go:124.53,126.3 1 0
guidely-app/internal/auth/service.go:127.2,127.18 1 0
guidely-app/internal/auth/service.go:130.102,132.31 2 0
guidely-app/internal/auth/service.go:132.31,134.3 1 0
guidely-app/internal/auth/service.go:135.2,136.53 2 0
guidely-app/internal/auth/service.go:136.53,138.3 1 0
guidely-app/internal/auth/service.go:139.2,139.18 1 0
guidely-app/internal/auth/repository/db.go:21.104,23.2 1 0
guidely-app/internal/auth/repository/db.go:24.97,26.2 1 0
guidely-app/internal/auth/repository/db.go:27.112,29.2 1 0
guidely-app/internal/auth/repository/session_repo.go:15.41,17.2 1 0
guidely-app/internal/auth/repository/session_repo.go:19.82,22.2 2 0
guidely-app/internal/auth/repository/session_repo.go:24.98,28.35 4 0
guidely-app/internal/auth/repository/session_repo.go:28.35,30.3 1 0
guidely-app/internal/auth/repository/session_repo.go:31.2,31.22 1 0
guidely-app/internal/auth/repository/session_repo.go:34.82,37.2 2 0
guidely-app/internal/auth/repository/user_repo.go:15.35,17.2 1 0
guidely-app/internal/auth/repository/user_repo.go:19.73,25.2 3 0
guidely-app/internal/auth/repository/user_repo.go:27.88,36.35 4 0
guidely-app/internal/auth/repository/user_repo.go:36.35,38.3 1 0
guidely-app/internal/auth/repository/user_repo.go:39.2,39.19 1 0
guidely-app/internal/auth/repository/user_repo.go:42.94,51.35 4 0
guidely-app/internal/auth/repository/user_repo.go:51.35,53.3 1 0
guidely-app/internal/auth/repository/user_repo.go:54.2,54.19 1 0
guidely-app/internal/auth/repository/user_repo.go:57.82,66.35 4 0
guidely-app/internal/auth/repository/user_repo.go:66.35,68.3 1 0
guidely-app/internal/auth/repository/user_repo.go:69.2,69.19 1 0
guidely-app/internal/auth/repository/user_repo.go:72.73,77.2 2 0
guidely-app/internal/handlers/album.go:19.66,21.2 1 1
guidely-app/internal/handlers/album.go:23.71,25.17 2 0
guidely-app/internal/handlers/album.go:25.17,28.3 2 0
guidely-app/internal/handlers/album.go:30.2,36.61 2 0
guidely-app/internal/handlers/album.go:36.61,39.3 2 0
guidely-app/internal/handlers/album.go:41.2,47.16 2 0
guidely-app/internal/handlers/album.go:47.16,51.3 3 0
guidely-app/internal/handlers/album.go:53.2,54.33 2 0
guidely-app/internal/handlers/album.go:57.68,60.16 3 1
guidely-app/internal/handlers/album.go:60.16,63.3 2 0
guidely-app/internal/handlers/album.go:65.2,66.16 2 1
guidely-app/internal/handlers/album.go:66.16,70.3 3 1
guidely-app/internal/handlers/album.go:72.2,72.33 1 0
guidely-app/internal/handlers/album.go:75.74,78.16 3 0
guidely-app/internal/handlers/album.go:78.16,81.3 2 0
guidely-app/internal/handlers/album.go:83.2,84.16 2 0
guidely-app/internal/handlers/album.go:84.16,88.3 3 0
guidely-app/internal/handlers/album.go:90.2,90.33 1 0
guidely-app/internal/handlers/album.go:93.71,96.16 3 0
guidely-app/internal/handlers/album.go:96.16,99.3 2 0
guidely-app/internal/handlers/album.go:101.2,106.61 2 0
guidely-app/internal/handlers/album.go:106.61,109.3 2 0
guidely-app/internal/handlers/album.go:111.2,117.16 2 0
guidely-app/internal/handlers/album.go:117.16,121.3 3 0
guidely-app/internal/handlers/album.go:123.2,123.33 1 0
guidely-app/internal/handlers/album.go:126.71,129.16 3 0
guidely-app/internal/handlers/album.go:129.16,132.3 2 0
guidely-app/internal/handlers/album.go:134.2,134.88 1 0
guidely-app/internal/handlers/album.go:134.88,138.3 3 0
guidely-app/internal/handlers/album.go:139.2,139.37 1 0
guidely-app/internal/handlers/album.go:142.73,145.16 3 0
guidely-app/internal/handlers/album.go:145.16,148.3 2 0
guidely-app/internal/handlers/album.go:150.2,154.61 2 0
guidely-app/internal/handlers/album.go:154.61,157.3 2 0
guidely-app/internal/handlers/album.go:159.2,164.16 2 0
guidely-app/internal/handlers/album.go:164.16,168.3 3 0
guidely-app/internal/handlers/album.go:170.2,170.33 1 0
guidely-app/internal/handlers/album.go:173.76,176.16 3 0
guidely-app/internal/handlers/album.go:176.16,179.3 2 0
guidely-app/internal/handlers/album.go:180.2,181.16 2 0
guidely-app/internal/handlers/album.go:181.16,184.3 2 0
guidely-app/internal/handlers/album.go:186.2,189.17 1 0
guidely-app/internal/handlers/album.go:189.17,193.3 3 0
guidely-app/internal/handlers/album.go:194.2,194.37 1 0
guidely-app/internal/handlers/album.go:197.74,200.16 3 0
guidely-app/internal/handlers/album.go:200.16,203.3 2 0
guidely-app/internal/handlers/album.go:205.2,206.16 2 0
guidely-app/internal/handlers/album.go:206.16,210.3 3 0
guidely-app/internal/handlers/album.go:212.2,212.40 1 0
guidely-app/internal/handlers/auth.go:14.63,16.2 1 1
guidely-app/internal/handlers/auth.go:18.72,24.61 2 1
guidely-app/internal/handlers/auth.go:24.61,27.3 2 0
guidely-app/internal/handlers/auth.go:28.2,33.16 2 1
guidely-app/internal/handlers/auth.go:33.16,36.3 2 0
guidely-app/internal/handlers/auth.go:37.2,41.4 2 1
guidely-app/internal/handlers/auth.go:44.69,49.61 2 1
guidely-app/internal/handlers/auth.go:49.61,52.3 2 0
guidely-app/internal/handlers/auth.go:53.2,57.16 2 1
guidely-app/internal/handlers/auth.go:57.16,60.3 2 1
guidely-app/internal/handlers/auth.go:61.2,71.4 3 0
guidely-app/internal/handlers/auth.go:74.70,76.16 2 0
guidely-app/internal/handlers/auth.go:76.16,79.3 2 0
guidely-app/internal/handlers/auth.go:80.2,80.96 1 0
guidely-app/internal/handlers/auth.go:80.96,83.3 2 0
guidely-app/internal/handlers/auth.go:84.2,90.37 2 0
guidely-app/internal/handlers/auth.go:93.66,96.9 3 0
guidely-app/internal/handlers/auth.go:96.9,99.3 2 0
guidely-app/internal/handlers/auth.go:100.2,101.16 2 0
guidely-app/internal/handlers/auth.go:101.16,104.3 2 0
guidely-app/internal/handlers/auth.go:105.2,106.33 2 0
guidely-app/internal/handlers/category.go:19.71,21.2 1 1
guidely-app/internal/handlers/category.go:23.72,25.16 2 1
guidely-app/internal/handlers/category.go:25.16,29.3 3 1
guidely-app/internal/handlers/category.go:30.2,31.39 2 0
guidely-app/internal/handlers/category.go:34.71,37.16 3 0
guidely-app/internal/handlers/category.go:37.16,40.3 2 0
guidely-app/internal/handlers/category.go:41.2,42.16 2 0
guidely-app/internal/handlers/category.go:42.16,46.3 3 0
guidely-app/internal/handlers/category.go:47.2,47.14 1 0
guidely-app/internal/handlers/category.go:47.14,50.3 2 0
guidely-app/internal/handlers/category.go:51.2,51.30 1 0
guidely-app/internal/handlers/category.go:54.74,56.61 2 0
guidely-app/internal/handlers/category.go:56.61,59.3 2 0
guidely-app/internal/handlers/category.go:60.2,60.56 1 0
guidely-app/internal/handlers/category.go:60.56,64.3 3 0
guidely-app/internal/handlers/category.go:65.2,66.32 2 0
guidely-app/internal/handlers/category.go:69.74,72.16 3 0
guidely-app/internal/handlers/category.go:72.16,75.3 2 0
guidely-app/internal/handlers/category.go:76.2,77.61 2 0
guidely-app/internal/handlers/category.go:77.61,80.3 2 0
guidely-app/internal/handlers/category.go:81.2,82.56 2 0
guidely-app/internal/handlers/category.go:82.56,86.3 3 0
guidely-app/internal/handlers/category.go:87.2,87.32 1 0
guidely-app/internal/handlers/category.go:90.74,93.16 3 0
guidely-app/internal/handlers/category.go:93.16,96.3 2 0
guidely-app/internal/handlers/category.go:97.2,97.54 1 0
guidely-app/internal/handlers/category.go:97.54,101.3 3 0
guidely-app/internal/handlers/category.go:102.2,102.37 1 0
guidely-app/internal/handlers/csrf_token.go:12.36,14.2 1 0
guidely-app/internal/handlers/csrf_token.go:23.72,30.2 4 0
guidely-app/internal/handlers/place.go:22.104,27.2 1 1
guidely-app/internal/handlers/place.go:29.69,31.16 2 1
guidely-app/internal/handlers/place.go:31.16,36.3 4 1
guidely-app/internal/handlers/place.go:37.2,39.22 3 1
guidely-app/internal/handlers/place.go:39.22,40.39 1 0
guidely-app/internal/handlers/place.go:40.39,42.4 1 0
guidely-app/internal/handlers/place.go:44.2,46.27 3 1
guidely-app/internal/handlers/place.go:46.27,63.25 2 1
guidely-app/internal/handlers/place.go:63.25,69.4 1 0
guidely-app/internal/handlers/place.go:70.3,70.24 1 1
guidely-app/internal/handlers/place.go:70.24,72.32 2 0
guidely-app/internal/handlers/place.go:72.32,79.5 1 0
guidely-app/internal/handlers/place.go:81.3,81.34 1 1
guidely-app/internal/handlers/place.go:83.2,84.37 2 1
guidely-app/internal/handlers/place.go:87.75,90.16 3 1
guidely-app/internal/handlers/place.go:90.16,94.3 3 0
guidely-app/internal/handlers/place.go:95.2,97.22 3 1
guidely-app/internal/handlers/place.go:97.22,98.39 1 0
guidely-app/internal/handlers/place.go:98.39,100.4 1 0
guidely-app/internal/handlers/place.go:102.2,103.16 2 1
guidely-app/internal/handlers/place.go:103.16,104.39 1 1
guidely-app/internal/handlers/place.go:104.39,108.4 3 1
guidely-app/internal/handlers/place.go:109.3,111.9 3 0
guidely-app/internal/handlers/place.go:113.2,114.34 2 1
guidely-app/internal/handlers/place.go:117.75,120.16 3 1
guidely-app/internal/handlers/place.go:120.16,123.3 2 0
guidely-app/internal/handlers/place.go:124.2,125.16 2 1
guidely-app/internal/handlers/place.go:125.16,130.3 4 0
guidely-app/internal/handlers/place.go:131.2,132.36 2 1
guidely-app/internal/handlers/place.go:135.81,138.9 3 0
guidely-app/internal/handlers/place.go:138.9,142.3 3 0
guidely-app/internal/handlers/place.go:144.2,146.16 3 0
guidely-app/internal/handlers/place.go:146.16,151.3 4 0
guidely-app/internal/handlers/place.go:153.2,154.21 2 0
guidely-app/internal/handlers/place.go:154.21,158.3 3 0
guidely-app/internal/handlers/place.go:159.2,160.16 2 0
guidely-app/internal/handlers/place.go:160.16,164.3 3 0
guidely-app/internal/handlers/place.go:166.2,167.59 2 0
guidely-app/internal/handlers/place.go:167.59,171.3 3 0
guidely-app/internal/handlers/place.go:173.2,174.16 2 0
guidely-app/internal/handlers/place.go:174.16,179.3 4 0
guidely-app/internal/handlers/place.go:181.2,182.63 2 0
guidely-app/internal/handlers/place.go:185.71,187.17 2 0
guidely-app/internal/handlers/place.go:187.17,191.3 3 0
guidely-app/internal/handlers/place.go:192.2,193.16 2 0
guidely-app/internal/handlers/place.go:193.16,198.3 4 0
guidely-app/internal/handlers/place.go:200.2,202.27 3 0
guidely-app/internal/handlers/place.go:202.27,204.65 1 0
guidely-app/internal/handlers/place.go:204.65,221.4 2 0
guidely-app/internal/handlers/place.go:223.2,223.21 1 0
guidely-app/internal/handlers/place.go:223.21,225.3 1 0
guidely-app/internal/handlers/place.go:226.2,227.37 2 0
guidely-app/internal/handlers/profile.go:22.79,24.2 1 1
guidely-app/internal/handlers/profile.go:26.77,29.9 3 1
guidely-app/internal/handlers/profile.go:29.9,33.3 3 1
guidely-app/internal/handlers/profile.go:34.2,35.16 2 1
guidely-app/internal/handlers/profile.go:35.16,40.3 4 0
guidely-app/internal/handlers/profile.go:41.2,52.37 3 1
guidely-app/internal/handlers/profile.go:55.80,58.9 3 1
guidely-app/internal/handlers/profile.go:58.9,62.3 3 1
guidely-app/internal/handlers/profile.go:63.2,64.61 2 1
guidely-app/internal/handlers/profile.go:64.61,69.3 4 1
guidely-app/internal/handlers/profile.go:70.2,78.16 3 1
guidely-app/internal/handlers/profile.go:78.16,83.3 4 0
guidely-app/internal/handlers/profile.go:84.2,95.37 3 1
guidely-app/internal/handlers/profile.go:98.79,101.9 3 0
guidely-app/internal/handlers/profile.go:101.9,105.3 3 0
guidely-app/internal/handlers/profile.go:107.2,109.16 3 0
guidely-app/internal/handlers/profile.go:109.16,114.3 4 0
guidely-app/internal/handlers/profile.go:115.2,118.47 3 0
guidely-app/internal/handlers/profile.go:118.47,122.3 3 0
guidely-app/internal/handlers/profile.go:124.2,125.15 2 0
guidely-app/internal/handlers/profile.go:125.15,127.3 1 0
guidely-app/internal/handlers/profile.go:128.2,131.53 3 0
guidely-app/internal/handlers/profile.go:131.53,136.3 4 0
guidely-app/internal/handlers/profile.go:137.2,140.16 3 0
guidely-app/internal/handlers/profile.go:140.16,145.3 4 0
guidely-app/internal/handlers/profile.go:146.2,148.46 2 0
guidely-app/internal/handlers/profile.go:148.46,153.3 4 0
guidely-app/internal/handlers/profile.go:155.2,159.16 4 0
guidely-app/internal/handlers/profile.go:159.16,164.3 4 0
guidely-app/internal/handlers/profile.go:166.2,177.37 3 0
guidely-app/internal/handlers/profile.go:180.76,183.9 3 0
guidely-app/internal/handlers/profile.go:183.9,187.3 3 0
guidely-app/internal/handlers/profile.go:189.2,190.31 2 0
guidely-app/internal/handlers/profile.go:190.31,194.3 3 0
guidely-app/internal/handlers/profile.go:196.2,196.26 1 0
guidely-app/internal/handlers/profile.go:196.26,200.3 3 0
guidely-app/internal/handlers/profile.go:202.2,206.24 4 0
guidely-app/internal/handlers/profile.go:206.24,210.3 3 0
guidely-app/internal/handlers/profile.go:211.2,211.16 1 0
guidely-app/internal/handlers/profile.go:211.16,215.3 3 0
guidely-app/internal/handlers/profile.go:216.2,216.18 1 0
guidely-app/internal/handlers/profile.go:216.18,220.3 3 0
guidely-app/internal/handlers/profile.go:222.2,224.13 3 0
guidely-app/internal/handlers/profile.go:225.14,226.28 1 0
guidely-app/internal/handlers/profile.go:227.14,228.28 1 0
guidely-app/internal/handlers/profile.go:229.15,230.29 1 0
guidely-app/internal/handlers/profile.go:232.2,233.32 2 0
guidely-app/internal/handlers/review.go:19.69,21.2 1 1
guidely-app/internal/handlers/review.go:23.72,25.17 2 1
guidely-app/internal/handlers/review.go:25.17,28.3 2 1
guidely-app/internal/handlers/review.go:30.2,37.61 2 1
guidely-app/internal/handlers/review.go:37.61,40.3 2 0
guidely-app/internal/handlers/review.go:42.2,50.16 2 1
guidely-app/internal/handlers/review.go:50.16,54.3 3 1
guidely-app/internal/handlers/review.go:56.2,60.4 2 1
guidely-app/internal/handlers/review.go:63.72,65.17 2 1
guidely-app/internal/handlers/review.go:65.17,68.3 2 1
guidely-app/internal/handlers/review.go:70.2,72.16 3 1
guidely-app/internal/handlers/review.go:72.16,75.3 2 1
guidely-app/internal/handlers/review.go:77.2,81.16 2 1
guidely-app/internal/handlers/review.go:81.16,85.3 3 1
guidely-app/internal/handlers/review.go:86.2,86.37 1 1
guidely-app/internal/handlers/trip.go:21.67,23.2 1 1
guidely-app/internal/handlers/trip.go:25.68,28.9 3 1
guidely-app/internal/handlers/trip.go:28.9,32.3 3 1
guidely-app/internal/handlers/trip.go:33.2,34.16 2 1
guidely-app/internal/handlers/trip.go:34.16,39.3 4 0
guidely-app/internal/handlers/trip.go:40.2,41.26 2 1
guidely-app/internal/handlers/trip.go:41.26,51.3 1 1
guidely-app/internal/handlers/trip.go:52.2,53.37 2 1
guidely-app/internal/handlers/trip.go:56.70,59.9 3 1
guidely-app/internal/handlers/trip.go:59.9,63.3 3 1
guidely-app/internal/handlers/trip.go:64.2,65.61 2 1
guidely-app/internal/handlers/trip.go:65.61,70.3 4 0
guidely-app/internal/handlers/trip.go:71.2,81.16 3 1
guidely-app/internal/handlers/trip.go:81.16,86.3 4 0
guidely-app/internal/handlers/trip.go:87.2,92.4 3 1
guidely-app/internal/handlers/trip.go:95.74,98.9 3 1
guidely-app/internal/handlers/trip.go:98.9,102.3 3 0
guidely-app/internal/handlers/trip.go:103.2,104.16 2 1
guidely-app/internal/handlers/trip.go:104.16,109.3 4 0
guidely-app/internal/handlers/trip.go:111.2,112.16 2 1
guidely-app/internal/handlers/trip.go:112.16,114.38 2 1
guidely-app/internal/handlers/trip.go:114.38,118.4 3 1
guidely-app/internal/handlers/trip.go:119.3,121.9 3 0
guidely-app/internal/handlers/trip.go:123.2,133.37 3 1
guidely-app/internal/handlers/trip.go:136.70,139.9 3 1
guidely-app/internal/handlers/trip.go:139.9,143.3 3 1
guidely-app/internal/handlers/trip.go:144.2,146.16 3 1
guidely-app/internal/handlers/trip.go:146.16,151.3 4 0
guidely-app/internal/handlers/trip.go:152.2,153.61 2 1
guidely-app/internal/handlers/trip.go:153.61,158.3 4 0
guidely-app/internal/handlers/trip.go:159.2,169.16 3 1
guidely-app/internal/handlers/trip.go:169.16,174.3 4 0
guidely-app/internal/handlers/trip.go:175.2,176.63 2 1
guidely-app/internal/handlers/trip.go:179.70,182.9 3 1
guidely-app/internal/handlers/trip.go:182.9,186.3 3 1
guidely-app/internal/handlers/trip.go:187.2,189.16 3 1
guidely-app/internal/handlers/trip.go:189.16,193.3 3 0
guidely-app/internal/handlers/trip.go:194.2,194.70 1 1
guidely-app/internal/handlers/trip.go:194.70,196.10 2 0
guidely-app/internal/handlers/trip.go:197.40,198.56 1 0
guidely-app/internal/handlers/trip.go:199.40,200.52 1 0
guidely-app/internal/handlers/trip.go:201.11,202.67 1 0
guidely-app/internal/handlers/trip.go:204.3,204.9 1 0
guidely-app/internal/handlers/trip.go:206.2,206.37 1 1
guidely-app/internal/handlers/trip.go:209.77,212.16 3 0
guidely-app/internal/handlers/trip.go:212.16,217.3 4 0
guidely-app/internal/handlers/trip.go:219.2,220.16 2 0
guidely-app/internal/handlers/trip.go:220.16,225.3 4 0
guidely-app/internal/handlers/trip.go:227.2,227.21 1 0
guidely-app/internal/handlers/trip.go:227.21,229.3 1 0
guidely-app/internal/handlers/trip.go:231.2,231.37 1 0
guidely-app/internal/handlers/trip.go:234.72,237.9 3 0
guidely-app/internal/handlers/trip.go:237.9,241.3 3 0
guidely-app/internal/handlers/trip.go:243.2,245.16 3 0
guidely-app/internal/handlers/trip.go:245.16,250.3 4 0
guidely-app/internal/handlers/trip.go:252.2,256.61 2 0
guidely-app/internal/handlers/trip.go:256.61,261.3 4 0
guidely-app/internal/handlers/trip.go:263.2,263.111 1 0
guidely-app/internal/handlers/trip.go:263.111,268.3 4 0
guidely-app/internal/handlers/trip.go:270.2,272.80 3 0
guidely-app/internal/handlers/trip.go:275.75,278.9 3 0
guidely-app/internal/handlers/trip.go:278.9,282.3 3 0
guidely-app/internal/handlers/trip.go:284.2,286.16 3 0
guidely-app/internal/handlers/trip.go:286.16,291.3 4 0
guidely-app/internal/handlers/trip.go:293.2,294.16 2 0
guidely-app/internal/handlers/trip.go:294.16,299.3 4 0
guidely-app/internal/handlers/trip.go:301.2,301.96 1 0
guidely-app/internal/handlers/trip.go:301.96,306.3 4 0
guidely-app/internal/handlers/trip.go:308.2,309.37 2 0
guidely-app/internal/middleware/auth.go:16.80,18.2 1 0
guidely-app/internal/middleware/auth.go:20.79,21.54 1 0
guidely-app/internal/middleware/auth.go:21.54,23.17 2 0
guidely-app/internal/middleware/auth.go:23.17,27.4 3 0
guidely-app/internal/middleware/auth.go:28.3,29.75 2 0
guidely-app/internal/middleware/auth.go:29.75,33.4 3 0
guidely-app/internal/middleware/auth.go:34.3,35.40 2 0
guidely-app/internal/middleware/auth.go:39.51,41.32 2 1
guidely-app/internal/middleware/auth.go:41.32,43.3 1 1
guidely-app/internal/middleware/auth.go:44.2,44.10 1 1
guidely-app/internal/middleware/cors.go:8.69,10.35 2 0
guidely-app/internal/middleware/cors.go:10.35,12.3 1 0
guidely-app/internal/middleware/cors.go:14.2,14.46 1 0
guidely-app/internal/middleware/cors.go:14.46,15.72 1 0
guidely-app/internal/middleware/cors.go:15.72,18.38 2 0
guidely-app/internal/middleware/cors.go:18.38,24.5 5 0
guidely-app/internal/middleware/cors.go:26.4,26.38 1 0
guidely-app/internal/middleware/cors.go:26.38,29.5 2 0
guidely-app/internal/middleware/cors.go:30.4,30.24 1 0
guidely-app/internal/repository/category_repo.go:16.43,18.2 1 0
guidely-app/internal/repository/category_repo.go:20.79,23.16 3 0
guidely-app/internal/repository/category_repo.go:23.16,25.3 1 0
guidely-app/internal/repository/category_repo.go:26.2,28.18 3 0
guidely-app/internal/repository/category_repo.go:28.18,30.111 2 0
guidely-app/internal/repository/category_repo.go:30.111,32.4 1 0
guidely-app/internal/repository/category_repo.go:33.3,33.37 1 0
guidely-app/internal/repository/category_repo.go:35.2,35.24 1 0
guidely-app/internal/repository/category_repo.go:38.90,42.35 4 0
guidely-app/internal/repository/category_repo.go:42.35,44.3 1 0
guidely-app/internal/repository/category_repo.go:45.2,45.16 1 0
guidely-app/internal/repository/category_repo.go:45.16,47.3 1 0
guidely-app/internal/repository/category_repo.go:48.2,48.16 1 0
guidely-app/internal/repository/category_repo.go:51.78,54.2 2 0
guidely-app/internal/repository/category_repo.go:56.78,60.2 3 0
guidely-app/internal/repository/category_repo.go:62.69,65.2 2 0
guidely-app/internal/repository/db.go:21.104,23.2 1 0
guidely-app/internal/repository/db.go:25.97,27.2 1 0
guidely-app/internal/repository/db.go:29.112,31.2 1 0
guidely-app/internal/repository/place_repo.go:18.37,20.2 1 0
guidely-app/internal/repository/place_repo.go:22.73,37.16 4 0
guidely-app/internal/repository/place_repo.go:37.16,40.3 2 0
guidely-app/internal/repository/place_repo.go:41.2,45.18 3 0
guidely-app/internal/repository/place_repo.go:45.18,61.17 10 0
guidely-app/internal/repository/place_repo.go:61.17,64.4 2 0
guidely-app/internal/repository/place_repo.go:66.3,66.44 1 0
guidely-app/internal/repository/place_repo.go:66.44,67.20 1 0
guidely-app/internal/repository/place_repo.go:67.20,75.5 1 0
guidely-app/internal/repository/place_repo.go:76.4,76.20 1 0
guidely-app/internal/repository/place_repo.go:76.20,82.5 1 0
guidely-app/internal/repository/place_repo.go:83.4,83.24 1 0
guidely-app/internal/repository/place_repo.go:86.3,86.50 1 0
guidely-app/internal/repository/place_repo.go:86.50,98.4 2 0
guidely-app/internal/repository/place_repo.go:101.2,102.30 2 0
guidely-app/internal/repository/place_repo.go:102.30,104.3 1 0
guidely-app/internal/repository/place_repo.go:106.2,107.20 2 0
guidely-app/internal/repository/place_repo.go:110.84,131.35 9 0
guidely-app/internal/repository/place_repo.go:131.35,134.3 2 0
guidely-app/internal/repository/place_repo.go:135.2,135.16 1 0
guidely-app/internal/repository/place_repo.go:135.16,138.3 2 0
guidely-app/internal/repository/place_repo.go:139.2,139.18 1 0
guidely-app/internal/repository/place_repo.go:139.18,147.3 1 0
guidely-app/internal/repository/place_repo.go:148.2,148.18 1 0
guidely-app/internal/repository/place_repo.go:148.18,154.3 1 0
guidely-app/internal/repository/place_repo.go:155.2,155.16 1 0
guidely-app/internal/repository/place_repo.go:158.120,162.16 4 0
guidely-app/internal/repository/place_repo.go:162.16,163.36 1 0
guidely-app/internal/repository/place_repo.go:163.36,165.4 1 0
guidely-app/internal/repository/place_repo.go:166.3,166.57 1 0
guidely-app/internal/repository/place_repo.go:169.2,170.17 2 0
guidely-app/internal/repository/place_repo.go:170.17,172.3 1 0
guidely-app/internal/repository/place_repo.go:173.2,182.8 1 0
guidely-app/internal/repository/place_repo.go:185.94,193.16 4 0
guidely-app/internal/repository/place_repo.go:193.16,196.3 2 0
guidely-app/internal/repository/place_repo.go:197.2,197.20 1 0
guidely-app/internal/repository/review_repo.go:16.39,18.2 1 0
guidely-app/internal/repository/review_repo.go:20.79,26.2 2 0
guidely-app/internal/repository/review_repo.go:28.86,36.35 4 0
guidely-app/internal/repository/review_repo.go:36.35,38.3 1 0
guidely-app/internal/repository/review_repo.go:39.2,39.18 1 0
guidely-app/internal/repository/review_repo.go:42.117,52.16 3 0
guidely-app/internal/repository/review_repo.go:52.16,54.3 1 0
guidely-app/internal/repository/review_repo.go:55.2,57.18 3 0
guidely-app/internal/repository/review_repo.go:57.18,62.17 4 0
guidely-app/internal/repository/review_repo.go:62.17,64.4 1 0
guidely-app/internal/repository/review_repo.go:65.3,66.33 2 0
guidely-app/internal/repository/review_repo.go:68.2,68.21 1 0
guidely-app/internal/repository/review_repo.go:71.67,74.2 2 0
guidely-app/internal/repository/trip_repo.go:17.35,19.2 1 0
guidely-app/internal/repository/trip_repo.go:21.73,29.16 4 0
guidely-app/internal/repository/trip_repo.go:29.16,32.3 2 0
guidely-app/internal/repository/trip_repo.go:33.2,34.12 2 0
guidely-app/internal/repository/trip_repo.go:37.82,46.35 5 0
guidely-app/internal/repository/trip_repo.go:46.35,49.3 2 0
guidely-app/internal/repository/trip_repo.go:50.2,50.16 1 0
guidely-app/internal/repository/trip_repo.go:50.16,53.3 2 0
guidely-app/internal/repository/trip_repo.go:54.2,54.19 1 0
guidely-app/internal/repository/trip_repo.go:57.89,62.16 4 0
guidely-app/internal/repository/trip_repo.go:62.16,65.3 2 0
guidely-app/internal/repository/trip_repo.go:66.2,68.18 3 0
guidely-app/internal/repository/trip_repo.go:68.18,72.17 3 0
guidely-app/internal/repository/trip_repo.go:72.17,75.4 2 0
guidely-app/internal/repository/trip_repo.go:76.3,76.27 1 0
guidely-app/internal/repository/trip_repo.go:78.2,79.19 2 0
guidely-app/internal/repository/trip_repo.go:82.73,92.16 4 0
guidely-app/internal/repository/trip_repo.go:92.16,95.3 2 0
guidely-app/internal/repository/trip_repo.go:96.2,97.12 2 0
guidely-app/internal/repository/trip_repo.go:100.65,103.16 3 0
guidely-app/internal/repository/trip_repo.go:103.16,106.3 2 0
guidely-app/internal/repository/trip_repo.go:107.2,108.12 2 0
guidely-app/internal/repository/trip_repo.go:111.98,114.16 3 0
guidely-app/internal/repository/trip_repo.go:114.16,117.3 2 0
guidely-app/internal/repository/trip_repo.go:118.2,118.12 1 0
guidely-app/internal/repository/trip_repo.go:121.101,135.16 4 0
guidely-app/internal/repository/trip_repo.go:135.16,138.3 2 0
guidely-app/internal/repository/trip_repo.go:139.2,142.18 3 0
guidely-app/internal/repository/trip_repo.go:142.18,144.96 2 0
guidely-app/internal/repository/trip_repo.go:144.96,147.4 2 0
guidely-app/internal/repository/trip_repo.go:148.3,148.30 1 0
guidely-app/internal/repository/trip_repo.go:150.2,151.20 2 0
guidely-app/internal/repository/trip_repo.go:154.86,158.16 4 0
guidely-app/internal/repository/trip_repo.go:158.16,161.3 2 0
guidely-app/internal/repository/trip_repo.go:162.2,165.18 3 0
guidely-app/internal/repository/trip_repo.go:165.18,167.40 2 0
guidely-app/internal/repository/trip_repo.go:167.40,170.4 2 0
guidely-app/internal/repository/trip_repo.go:171.3,171.34 1 0
guidely-app/internal/repository/trip_repo.go:174.2,175.22 2 0
guidely-app/internal/repository/trip_repo.go:178.88,182.16 4 0
guidely-app/internal/repository/trip_repo.go:182.16,185.3 2 0
guidely-app/internal/repository/trip_repo.go:186.2,186.12 1 0
guidely-app/internal/repository/trip_repo.go:189.96,194.16 5 0
guidely-app/internal/repository/trip_repo.go:194.16,197.3 2 0
guidely-app/internal/repository/trip_repo.go:198.2,198.20 1 0
guidely-app/internal/review/server.go:20.43,22.2 1 0
guidely-app/internal/review/server.go:24.60,34.20 2 0
guidely-app/internal/review/server.go:34.20,36.3 1 0
guidely-app/internal/review/server.go:37.2,37.24 1 0
guidely-app/internal/review/server.go:37.24,40.3 2 0
guidely-app/internal/review/server.go:41.2,41.13 1 0
guidely-app/internal/review/server.go:44.91,46.28 2 0
guidely-app/internal/review/server.go:46.28,58.21 2 0
guidely-app/internal/review/server.go:58.21,60.4 1 0
guidely-app/internal/review/server.go:61.3,61.31 1 0
guidely-app/internal/review/server.go:63.2,63.15 1 0
guidely-app/internal/review/server.go:66.109,68.26 2 0
guidely-app/internal/review/server.go:68.26,70.17 2 0
guidely-app/internal/review/server.go:70.17,72.4 1 0
guidely-app/internal/review/server.go:74.2,83.16 3 0
guidely-app/internal/review/server.go:83.16,85.3 1 0
guidely-app/internal/review/server.go:86.2,86.38 1 0
guidely-app/internal/review/server.go:89.105,90.68 1 0
guidely-app/internal/review/server.go:90.68,92.3 1 0
guidely-app/internal/review/server.go:93.2,93.30 1 0
guidely-app/internal/review/server.go:96.130,98.16 2 0
guidely-app/internal/review/server.go:98.16,100.3 1 0
guidely-app/internal/review/server.go:101.2,103.8 1 0
guidely-app/internal/review/service.go:31.65,33.2 1 0
guidely-app/internal/review/service.go:35.106,36.42 1 0
guidely-app/internal/review/service.go:36.42,38.3 1 0
guidely-app/internal/review/service.go:39.2,47.51 2 0
guidely-app/internal/review/service.go:47.51,49.3 1 0
guidely-app/internal/review/service.go:50.2,50.20 1 0
guidely-app/internal/review/service.go:53.88,55.33 2 0
guidely-app/internal/review/service.go:55.33,57.3 1 0
guidely-app/internal/review/service.go:58.2,58.29 1 0
guidely-app/internal/review/service.go:58.29,60.3 1 0
guidely-app/internal/review/service.go:61.2,61.37 1 0
guidely-app/internal/review/service.go:64.124,66.2 1 0
guidely-app/internal/review/repository/review_repo.go:17.50,19.2 1 0
guidely-app/internal/review/repository/review_repo.go:21.79,27.2 2 0
guidely-app/internal/review/repository/review_repo.go:29.86,37.35 4 0
guidely-app/internal/review/repository/review_repo.go:37.35,39.3 1 0
guidely-app/internal/review/repository/review_repo.go:40.2,40.18 1 0
guidely-app/internal/review/repository/review_repo.go:43.117,53.16 3 0
guidely-app/internal/review/repository/review_repo.go:53.16,55.3 1 0
guidely-app/internal/review/repository/review_repo.go:56.2,58.18 3 0
guidely-app/internal/review/repository/review_repo.go:58.18,63.17 4 0
guidely-app/internal/review/repository/review_repo.go:63.17,65.4 1 0
guidely-app/internal/review/repository/review_repo.go:66.3,67.33 2 0
guidely-app/internal/review/repository/review_repo.go:69.2,69.21 1 0
guidely-app/internal/review/repository/review_repo.go:72.67,75.2 2 0
guidely-app/internal/service/category_service.go:13.77,15.2 1 1
guidely-app/internal/service/category_service.go:17.86,19.2 1 1
guidely-app/internal/service/category_service.go:21.97,23.2 1 0
guidely-app/internal/service/category_service.go:25.85,27.2 1 0
guidely-app/internal/service/category_service.go:29.85,31.2 1 0
guidely-app/internal/service/category_service.go:33.76,35.2 1 0
guidely-app/internal/service/place_service.go:14.113,16.2 1 0
guidely-app/internal/service/place_service.go:18.80,20.2 1 0
guidely-app/internal/service/place_service.go:22.117,24.2 1 0
guidely-app/internal/service/place_service.go:26.111,28.2 1 0
guidely-app/internal/service/place_service.go:30.101,32.2 1 0
guidely-app/internal/service/profile_service.go:21.75,23.2 1 0
guidely-app/internal/service/profile_service.go:25.99,27.2 1 0
guidely-app/internal/service/profile_service.go:29.128,31.16 2 0
guidely-app/internal/service/profile_service.go:31.16,33.3 1 0
guidely-app/internal/service/profile_service.go:34.2,34.27 1 0
guidely-app/internal/service/profile_service.go:34.27,36.3 1 0
guidely-app/internal/service/profile_service.go:37.2,37.28 1 0
guidely-app/internal/service/profile_service.go:37.28,39.3 1 0
guidely-app/internal/service/profile_service.go:40.2,40.26 1 0
guidely-app/internal/service/profile_service.go:40.26,42.3 1 0
guidely-app/internal/service/profile_service.go:43.2,43.23 1 0
guidely-app/internal/service/profile_service.go:43.23,45.3 1 0
guidely-app/internal/service/profile_service.go:46.2,46.24 1 0
guidely-app/internal/service/profile_service.go:46.24,48.3 1 0
guidely-app/internal/service/profile_service.go:49.2,49.53 1 0
guidely-app/internal/service/profile_service.go:49.53,51.3 1 0
guidely-app/internal/service/profile_service.go:52.2,52.18 1 0
guidely-app/internal/service/profile_service.go:55.119,57.16 2 0
guidely-app/internal/service/profile_service.go:57.16,59.3 1 0
guidely-app/internal/service/profile_service.go:60.2,61.53 2 0
guidely-app/internal/service/profile_service.go:61.53,63.3 1 0
guidely-app/internal/service/profile_service.go:64.2,64.18 1 0
guidely-app/internal/service/review_service.go:25.71,27.2 1 0
guidely-app/internal/service/review_service.go:29.106,30.42 1 0
guidely-app/internal/service/review_service.go:30.42,32.3 1 0
guidely-app/internal/service/review_service.go:33.2,41.51 2 0
guidely-app/internal/service/review_service.go:41.51,43.3 1 0
guidely-app/internal/service/review_service.go:44.2,44.20 1 0
guidely-app/internal/service/review_service.go:47.88,49.33 2 0
guidely-app/internal/service/review_service.go:49.33,51.3 1 0
guidely-app/internal/service/review_service.go:52.2,52.29 1 0
guidely-app/internal/service/review_service.go:52.29,54.3 1 0
guidely-app/internal/service/review_service.go:55.2,55.37 1 0
guidely-app/internal/service/trip_service.go:18.69,20.2 1 1
guidely-app/internal/service/trip_service.go:42.96,44.23 2 1
guidely-app/internal/service/trip_service.go:44.23,46.3 1 0
guidely-app/internal/service/trip_service.go:47.2,56.53 2 1
guidely-app/internal/service/trip_service.go:56.53,58.3 1 0
guidely-app/internal/service/trip_service.go:59.2,60.18 2 1
guidely-app/internal/service/trip_service.go:63.95,65.2 1 1
guidely-app/internal/service/trip_service.go:67.118,69.16 2 1
guidely-app/internal/service/trip_service.go:69.16,71.3 1 0
guidely-app/internal/service/trip_service.go:72.2,72.17 1 1
guidely-app/internal/service/trip_service.go:72.17,74.3 1 1
guidely-app/internal/service/trip_service.go:75.2,76.16 2 1
guidely-app/internal/service/trip_service.go:76.16,78.3 1 0
guidely-app/internal/service/trip_service.go:79.2,79.26 1 1
guidely-app/internal/service/trip_service.go:82.115,85.31 3 1
guidely-app/internal/service/trip_service.go:85.31,87.3 1 0
guidely-app/internal/service/trip_service.go:88.2,88.30 1 1
guidely-app/internal/service/trip_service.go:88.30,90.3 1 0
guidely-app/internal/service/trip_service.go:91.2,91.24 1 1
guidely-app/internal/service/trip_service.go:91.24,93.3 1 1
guidely-app/internal/service/trip_service.go:94.2,94.30 1 1
guidely-app/internal/service/trip_service.go:94.30,96.3 1 0
guidely-app/internal/service/trip_service.go:97.2,97.27 1 1
guidely-app/internal/service/trip_service.go:97.27,99.3 1 0
guidely-app/internal/service/trip_service.go:100.2,100.28 1 1
guidely-app/internal/service/trip_service.go:100.28,102.3 1 0
guidely-app/internal/service/trip_service.go:103.2,103.26 1 1
guidely-app/internal/service/trip_service.go:103.26,105.3 1 0
guidely-app/internal/service/trip_service.go:106.2,106.29 1 1
guidely-app/internal/service/trip_service.go:106.29,108.3 1 0
guidely-app/internal/service/trip_service.go:109.2,109.27 1 1
guidely-app/internal/service/trip_service.go:109.27,111.3 1 0
guidely-app/internal/service/trip_service.go:112.2,112.53 1 1
guidely-app/internal/service/trip_service.go:112.53,114.3 1 0
guidely-app/internal/service/trip_service.go:115.2,116.18 2 1
guidely-app/internal/service/trip_service.go:119.76,122.31 3 1
guidely-app/internal/service/trip_service.go:122.31,124.3 1 0
guidely-app/internal/service/trip_service.go:125.2,125.30 1 1
guidely-app/internal/service/trip_service.go:125.30,127.3 1 0
guidely-app/internal/service/trip_service.go:128.2,128.35 1 1
guidely-app/internal/service/trip_service.go:131.93,133.2 1 0
guidely-app/internal/service/trip_service.go:135.115,138.31 3 0
guidely-app/internal/service/trip_service.go:138.31,140.3 1 0
guidely-app/internal/service/trip_service.go:141.2,141.30 1 0
guidely-app/internal/service/trip_service.go:141.30,143.3 1 0
guidely-app/internal/service/trip_service.go:145.2,146.16 2 0
guidely-app/internal/service/trip_service.go:146.16,148.3 1 0
guidely-app/internal/service/trip_service.go:149.2,149.12 1 0
guidely-app/internal/service/trip_service.go:149.12,151.3 1 0
guidely-app/internal/service/trip_service.go:153.2,153.67 1 0
guidely-app/internal/service/trip_service.go:156.102,159.31 3 0
guidely-app/internal/service/trip_service.go:159.31,161.3 1 0
guidely-app/internal/service/trip_service.go:162.2,162.30 1 0
guidely-app/internal/service/trip_service.go:162.30,164.3 1 0
guidely-app/internal/service/trip_service.go:165.2,165.58 1 0
guidely-app/internal/review/repository/review_repo.go:17.50,19.2 1 0
guidely-app/internal/review/repository/review_repo.go:21.79,27.2 2 0
guidely-app/internal/review/repository/review_repo.go:29.86,37.35 4 0
guidely-app/internal/review/repository/review_repo.go:37.35,39.3 1 0
guidely-app/internal/review/repository/review_repo.go:40.2,40.18 1 0
guidely-app/internal/review/repository/review_repo.go:43.117,53.16 3 0
guidely-app/internal/review/repository/review_repo.go:53.16,55.3 1 0
guidely-app/internal/review/repository/review_repo.go:56.2,58.18 3 0
guidely-app/internal/review/repository/review_repo.go:58.18,63.17 4 0
guidely-app/internal/review/repository/review_repo.go:63.17,65.4 1 0
guidely-app/internal/review/repository/review_repo.go:66.3,67.33 2 0
guidely-app/internal/review/repository/review_repo.go:69.2,69.21 1 0
guidely-app/internal/review/repository/review_repo.go:72.67,75.2 2 0
guidely-app/internal/album/server.go:18.42,20.2 1 0
guidely-app/internal/album/server.go:22.41,31.2 1 0
guidely-app/internal/album/server.go:33.57,40.2 1 0
guidely-app/internal/album/server.go:42.93,49.45 2 0
guidely-app/internal/album/server.go:49.45,51.3 1 0
guidely-app/internal/album/server.go:52.2,52.24 1 0
guidely-app/internal/album/server.go:55.87,57.28 2 0
guidely-app/internal/album/server.go:57.28,59.3 1 0
guidely-app/internal/album/server.go:60.2,60.24 1 0
guidely-app/internal/album/server.go:63.99,65.36 2 0
guidely-app/internal/album/server.go:65.36,67.3 1 0
guidely-app/internal/album/server.go:68.2,68.33 1 0
guidely-app/internal/album/server.go:71.93,78.45 2 0
guidely-app/internal/album/server.go:78.45,80.3 1 0
guidely-app/internal/album/server.go:81.2,81.24 1 0
guidely-app/internal/album/server.go:84.98,85.50 1 0
guidely-app/internal/album/server.go:85.50,87.3 1 0
guidely-app/internal/album/server.go:88.2,88.30 1 0
guidely-app/internal/album/server.go:91.97,92.88 1 0
guidely-app/internal/album/server.go:92.88,94.3 1 0
guidely-app/internal/album/server.go:95.2,99.8 1 0
guidely-app/internal/album/server.go:102.103,103.73 1 0
guidely-app/internal/album/server.go:103.73,105.3 1 0
guidely-app/internal/album/server.go:106.2,106.30 1 0
guidely-app/internal/album/server.go:109.116,111.16 2 0
guidely-app/internal/album/server.go:111.16,113.3 1 0
guidely-app/internal/album/server.go:114.2,115.27 2 0
guidely-app/internal/album/server.go:115.27,117.3 1 0
guidely-app/internal/album/server.go:118.2,118.58 1 0
guidely-app/internal/album/service.go:24.63,26.2 1 0
guidely-app/internal/album/service.go:28.79,30.2 1 0
guidely-app/internal/album/service.go:32.91,34.2 1 0
guidely-app/internal/album/service.go:36.98,38.2 1 0
guidely-app/internal/album/service.go:40.79,42.2 1 0
guidely-app/internal/album/service.go:44.73,46.2 1 0
guidely-app/internal/album/service.go:48.102,50.2 1 0
guidely-app/internal/album/service.go:52.92,54.2 1 0
guidely-app/internal/album/service.go:56.104,58.2 1 0
guidely-app/internal/album/repository/album_repo.go:16.48,18.2 1 0
guidely-app/internal/album/repository/album_repo.go:20.76,26.2 2 0
guidely-app/internal/album/repository/album_repo.go:28.84,36.35 4 0
guidely-app/internal/album/repository/album_repo.go:36.35,38.3 1 0
guidely-app/internal/album/repository/album_repo.go:39.2,39.20 1 0
guidely-app/internal/album/repository/album_repo.go:42.91,46.16 3 0
guidely-app/internal/album/repository/album_repo.go:46.16,48.3 1 0
guidely-app/internal/album/repository/album_repo.go:49.2,51.18 3 0
guidely-app/internal/album/repository/album_repo.go:51.18,54.75 2 0
guidely-app/internal/album/repository/album_repo.go:54.75,56.4 1 0
guidely-app/internal/album/repository/album_repo.go:57.3,57.29 1 0
guidely-app/internal/album/repository/album_repo.go:59.2,59.20 1 0
guidely-app/internal/album/repository/album_repo.go:62.76,67.2 3 0
guidely-app/internal/album/repository/album_repo.go:69.66,72.2 2 0
guidely-app/internal/album/repository/album_repo.go:74.95,78.2 2 0
guidely-app/internal/album/repository/album_repo.go:80.85,83.2 2 0
guidely-app/internal/album/repository/album_repo.go:85.97,89.16 3 0
guidely-app/internal/album/repository/album_repo.go:89.16,91.3 1 0
guidely-app/internal/album/repository/album_repo.go:92.2,94.18 3 0
guidely-app/internal/album/repository/album_repo.go:94.18,96.88 2 0
guidely-app/internal/album/repository/album_repo.go:96.88,98.4 1 0
guidely-app/internal/album/repository/album_repo.go:99.3,99.29 1 0
guidely-app/internal/album/repository/album_repo.go:101.2,101.20 1 0
guidely-app/internal/auth/server.go:18.41,20.2 1 0
guidely-app/internal/auth/server.go:21.103,23.16 2 0
guidely-app/internal/auth/server.go:23.16,25.3 1 0
guidely-app/internal/auth/server.go:26.2,26.76 1 0
guidely-app/internal/auth/server.go:29.94,31.16 2 0
guidely-app/internal/auth/server.go:31.16,33.3 1 0
guidely-app/internal/auth/server.go:34.2,34.114 1 0
guidely-app/internal/auth/server.go:37.93,38.53 1 0
guidely-app/internal/auth/server.go:38.53,40.3 1 0
guidely-app/internal/auth/server.go:41.2,41.30 1 0
guidely-app/internal/auth/server.go:44.89,46.31 2 0
guidely-app/internal/auth/server.go:46.31,48.3 1 0
guidely-app/internal/auth/server.go:49.2,55.8 1 0
guidely-app/internal/auth/server.go:58.101,60.16 2 0
guidely-app/internal/auth/server.go:60.16,62.3 1 0
guidely-app/internal/auth/server.go:63.2,69.8 1 0
guidely-app/internal/auth/server.go:72.79,72.93 1 0
guidely-app/internal/auth/server.go:73.99,75.2 1 0
guidely-app/internal/auth/service.go:30.107,32.2 1 0
guidely-app/internal/auth/service.go:34.101,35.35 1 0
guidely-app/internal/auth/service.go:35.35,37.3 1 0
guidely-app/internal/auth/service.go:38.2,38.41 1 0
guidely-app/internal/auth/service.go:38.41,40.3 1 0
guidely-app/internal/auth/service.go:41.2,41.26 1 0
guidely-app/internal/auth/service.go:41.26,43.3 1 0
guidely-app/internal/auth/service.go:44.2,44.62 1 0
guidely-app/internal/auth/service.go:44.62,46.3 1 0
guidely-app/internal/auth/service.go:47.2,47.76 1 0
guidely-app/internal/auth/service.go:47.76,49.3 1 0
guidely-app/internal/auth/service.go:50.2,51.16 2 0
guidely-app/internal/auth/service.go:51.16,53.3 1 0
guidely-app/internal/auth/service.go:54.2,55.53 2 0
guidely-app/internal/auth/service.go:55.53,57.3 1 0
guidely-app/internal/auth/service.go:58.2,59.16 2 0
guidely-app/internal/auth/service.go:59.16,61.3 1 0
guidely-app/internal/auth/service.go:62.2,67.59 2 0
guidely-app/internal/auth/service.go:67.59,69.3 1 0
guidely-app/internal/auth/service.go:70.2,70.25 1 0
guidely-app/internal/auth/service.go:73.95,75.31 2 0
guidely-app/internal/auth/service.go:75.31,77.3 1 0
guidely-app/internal/auth/service.go:78.2,78.62 1 0
guidely-app/internal/auth/service.go:78.62,80.3 1 0
guidely-app/internal/auth/service.go:81.2,82.16 2 0
guidely-app/internal/auth/service.go:82.16,84.3 1 0
guidely-app/internal/auth/service.go:85.2,90.59 2 0
guidely-app/internal/auth/service.go:90.59,92.3 1 0
guidely-app/internal/auth/service.go:93.2,93.25 1 0
guidely-app/internal/auth/service.go:96.71,98.2 1 0
guidely-app/internal/auth/service.go:100.89,102.2 1 0
guidely-app/internal/auth/service.go:104.135,106.31 2 0
guidely-app/internal/auth/service.go:106.31,108.3 1 0
guidely-app/internal/auth/service.go:109.2,109.17 1 0
guidely-app/internal/auth/service.go:109.17,111.3 1 0
guidely-app/internal/auth/service.go:112.2,112.19 1 0
guidely-app/internal/auth/service.go:112.19,114.3 1 0
guidely-app/internal/auth/service.go:115.2,115.20 1 0
guidely-app/internal/auth/service.go:115.20,117.3 1 0
guidely-app/internal/auth/service.go:118.2,118.17 1 0
guidely-app/internal/auth/service.go:118.17,120.3 1 0
guidely-app/internal/auth/service.go:121.2,121.18 1 0
guidely-app/internal/auth/service.go:121.18,123.3 1 0
guidely-app/internal/auth/service.go:124.2,124.53 1 0
guidely-app/internal/auth/service.go:124.53,126.3 1 0
guidely-app/internal/auth/service.go:127.2,127.18 1 0
guidely-app/internal/auth/service.go:130.102,132.31 2 0
guidely-app/internal/auth/service.go:132.31,134.3 1 0
guidely-app/internal/auth/service.go:135.2,136.53 2 0
guidely-app/internal/auth/service.go:136.53,138.3 1 0
guidely-app/internal/auth/service.go:139.2,139.18 1 0
guidely-app/internal/auth/repository/db.go:21.104,23.2 1 0
guidely-app/internal/auth/repository/db.go:24.97,26.2 1 0
guidely-app/internal/auth/repository/db.go:27.112,29.2 1 0
guidely-app/internal/auth/repository/session_repo.go:15.41,17.2 1 1
guidely-app/internal/auth/repository/session_repo.go:19.82,22.2 2 1
guidely-app/internal/auth/repository/session_repo.go:24.98,28.35 4 1
guidely-app/internal/auth/repository/session_repo.go:28.35,30.3 1 1
guidely-app/internal/auth/repository/session_repo.go:31.2,31.22 1 1
guidely-app/internal/auth/repository/session_repo.go:34.82,37.2 2 1
guidely-app/internal/auth/repository/user_repo.go:15.35,17.2 1 1
guidely-app/internal/auth/repository/user_repo.go:19.73,25.2 3 1
guidely-app/internal/auth/repository/user_repo.go:27.88,36.35 4 1
guidely-app/internal/auth/repository/user_repo.go:36.35,38.3 1 1
guidely-app/internal/auth/repository/user_repo.go:39.2,39.19 1 1
guidely-app/internal/auth/repository/user_repo.go:42.94,51.35 4 1
guidely-app/internal/auth/repository/user_repo.go:51.35,53.3 1 0
guidely-app/internal/auth/repository/user_repo.go:54.2,54.19 1 1
guidely-app/internal/auth/repository/user_repo.go:57.82,66.35 4 1
guidely-app/internal/auth/repository/user_repo.go:66.35,68.3 1 0
guidely-app/internal/auth/repository/user_repo.go:69.2,69.19 1 1
guidely-app/internal/auth/repository/user_repo.go:72.73,77.2 2 1
guidely-app/internal/handlers/album.go:19.66,21.2 1 0
guidely-app/internal/handlers/album.go:23.71,25.17 2 0
guidely-app/internal/handlers/album.go:25.17,28.3 2 0
guidely-app/internal/handlers/album.go:30.2,36.61 2 0
guidely-app/internal/handlers/album.go:36.61,39.3 2 0
guidely-app/internal/handlers/album.go:41.2,47.16 2 0
guidely-app/internal/handlers/album.go:47.16,51.3 3 0
guidely-app/internal/handlers/album.go:53.2,54.33 2 0
guidely-app/internal/handlers/album.go:57.68,60.16 3 0
guidely-app/internal/handlers/album.go:60.16,63.3 2 0
guidely-app/internal/handlers/album.go:65.2,66.16 2 0
guidely-app/internal/handlers/album.go:66.16,70.3 3 0
guidely-app/internal/handlers/album.go:72.2,72.33 1 0
guidely-app/internal/handlers/album.go:75.74,78.16 3 0
guidely-app/internal/handlers/album.go:78.16,81.3 2 0
guidely-app/internal/handlers/album.go:83.2,84.16 2 0
guidely-app/internal/handlers/album.go:84.16,88.3 3 0
guidely-app/internal/handlers/album.go:90.2,90.33 1 0
guidely-app/internal/handlers/album.go:93.71,96.16 3 0
guidely-app/internal/handlers/album.go:96.16,99.3 2 0
guidely-app/internal/handlers/album.go:101.2,106.61 2 0
guidely-app/internal/handlers/album.go:106.61,109.3 2 0
guidely-app/internal/handlers/album.go:111.2,117.16 2 0
guidely-app/internal/handlers/album.go:117.16,121.3 3 0
guidely-app/internal/handlers/album.go:123.2,123.33 1 0
guidely-app/internal/handlers/album.go:126.71,129.16 3 0
guidely-app/internal/handlers/album.go:129.16,132.3 2 0
guidely-app/internal/handlers/album.go:134.2,134.88 1 0
guidely-app/internal/handlers/album.go:134.88,138.3 3 0
guidely-app/internal/handlers/album.go:139.2,139.37 1 0
guidely-app/internal/handlers/album.go:142.73,145.16 3 0
guidely-app/internal/handlers/album.go:145.16,148.3 2 0
guidely-app/internal/handlers/album.go:150.2,154.61 2 0
guidely-app/internal/handlers/album.go:154.61,157.3 2 0
guidely-app/internal/handlers/album.go:159.2,164.16 2 0
guidely-app/internal/handlers/album.go:164.16,168.3 3 0
guidely-app/internal/handlers/album.go:170.2,170.33 1 0
guidely-app/internal/handlers/album.go:173.76,176.16 3 0
guidely-app/internal/handlers/album.go:176.16,179.3 2 0
guidely-app/internal/handlers/album.go:180.2,181.16 2 0
guidely-app/internal/handlers/album.go:181.16,184.3 2 0
guidely-app/internal/handlers/album.go:186.2,189.17 1 0
guidely-app/internal/handlers/album.go:189.17,193.3 3 0
guidely-app/internal/handlers/album.go:194.2,194.37 1 0
guidely-app/internal/handlers/album.go:197.74,200.16 3 0
guidely-app/internal/handlers/album.go:200.16,203.3 2 0
guidely-app/internal/handlers/album.go:205.2,206.16 2 0
guidely-app/internal/handlers/album.go:206.16,210.3 3 0
guidely-app/internal/handlers/album.go:212.2,212.40 1 0
guidely-app/internal/handlers/auth.go:14.63,16.2 1 0
guidely-app/internal/handlers/auth.go:18.72,24.61 2 0
guidely-app/internal/handlers/auth.go:24.61,27.3 2 0
guidely-app/internal/handlers/auth.go:28.2,33.16 2 0
guidely-app/internal/handlers/auth.go:33.16,36.3 2 0
guidely-app/internal/handlers/auth.go:37.2,41.4 2 0
guidely-app/internal/handlers/auth.go:44.69,49.61 2 0
guidely-app/internal/handlers/auth.go:49.61,52.3 2 0
guidely-app/internal/handlers/auth.go:53.2,57.16 2 0
guidely-app/internal/handlers/auth.go:57.16,60.3 2 0
guidely-app/internal/handlers/auth.go:61.2,71.4 3 0
guidely-app/internal/handlers/auth.go:74.70,76.16 2 0
guidely-app/internal/handlers/auth.go:76.16,79.3 2 0
guidely-app/internal/handlers/auth.go:80.2,80.96 1 0
guidely-app/internal/handlers/auth.go:80.96,83.3 2 0
guidely-app/internal/handlers/auth.go:84.2,90.37 2 0
guidely-app/internal/handlers/auth.go:93.66,96.9 3 0
guidely-app/internal/handlers/auth.go:96.9,99.3 2 0
guidely-app/internal/handlers/auth.go:100.2,101.16 2 0
guidely-app/internal/handlers/auth.go:101.16,104.3 2 0
guidely-app/internal/handlers/auth.go:105.2,106.33 2 0
guidely-app/internal/handlers/category.go:19.71,21.2 1 0
guidely-app/internal/handlers/category.go:23.72,25.16 2 0
guidely-app/internal/handlers/category.go:25.16,29.3 3 0
guidely-app/internal/handlers/category.go:30.2,31.39 2 0
guidely-app/internal/handlers/category.go:34.71,37.16 3 0
guidely-app/internal/handlers/category.go:37.16,40.3 2 0
guidely-app/internal/handlers/category.go:41.2,42.16 2 0
guidely-app/internal/handlers/category.go:42.16,46.3 3 0
guidely-app/internal/handlers/category.go:47.2,47.14 1 0
guidely-app/internal/handlers/category.go:47.14,50.3 2 0
guidely-app/internal/handlers/category.go:51.2,51.30 1 0
guidely-app/internal/handlers/category.go:54.74,56.61 2 0
guidely-app/internal/handlers/category.go:56.61,59.3 2 0
guidely-app/internal/handlers/category.go:60.2,60.56 1 0
guidely-app/internal/handlers/category.go:60.56,64.3 3 0
guidely-app/internal/handlers/category.go:65.2,66.32 2 0
guidely-app/internal/handlers/category.go:69.74,72.16 3 0
guidely-app/internal/handlers/category.go:72.16,75.3 2 0
guidely-app/internal/handlers/category.go:76.2,77.61 2 0
guidely-app/internal/handlers/category.go:77.61,80.3 2 0
guidely-app/internal/handlers/category.go:81.2,82.56 2 0
guidely-app/internal/handlers/category.go:82.56,86.3 3 0
guidely-app/internal/handlers/category.go:87.2,87.32 1 0
guidely-app/internal/handlers/category.go:90.74,93.16 3 0
guidely-app/internal/handlers/category.go:93.16,96.3 2 0
guidely-app/internal/handlers/category.go:97.2,97.54 1 0
guidely-app/internal/handlers/category.go:97.54,101.3 3 0
guidely-app/internal/handlers/category.go:102.2,102.37 1 0
guidely-app/internal/handlers/csrf_token.go:12.36,14.2 1 0
guidely-app/internal/handlers/csrf_token.go:23.72,30.2 4 0
guidely-app/internal/handlers/place.go:22.104,27.2 1 0
guidely-app/internal/handlers/place.go:29.69,31.16 2 0
guidely-app/internal/handlers/place.go:31.16,36.3 4 0
guidely-app/internal/handlers/place.go:37.2,39.22 3 0
guidely-app/internal/handlers/place.go:39.22,40.39 1 0
guidely-app/internal/handlers/place.go:40.39,42.4 1 0
guidely-app/internal/handlers/place.go:44.2,46.27 3 0
guidely-app/internal/handlers/place.go:46.27,63.25 2 0
guidely-app/internal/handlers/place.go:63.25,69.4 1 0
guidely-app/internal/handlers/place.go:70.3,70.24 1 0
guidely-app/internal/handlers/place.go:70.24,72.32 2 0
guidely-app/internal/handlers/place.go:72.32,79.5 1 0
guidely-app/internal/handlers/place.go:81.3,81.34 1 0
guidely-app/internal/handlers/place.go:83.2,84.37 2 0
guidely-app/internal/handlers/place.go:87.75,90.16 3 0
guidely-app/internal/handlers/place.go:90.16,94.3 3 0
guidely-app/internal/handlers/place.go:95.2,97.22 3 0
guidely-app/internal/handlers/place.go:97.22,98.39 1 0
guidely-app/internal/handlers/place.go:98.39,100.4 1 0
guidely-app/internal/handlers/place.go:102.2,103.16 2 0
guidely-app/internal/handlers/place.go:103.16,104.39 1 0
guidely-app/internal/handlers/place.go:104.39,108.4 3 0
guidely-app/internal/handlers/place.go:109.3,111.9 3 0
guidely-app/internal/handlers/place.go:113.2,114.34 2 0
guidely-app/internal/handlers/place.go:117.75,120.16 3 0
guidely-app/internal/handlers/place.go:120.16,123.3 2 0
guidely-app/internal/handlers/place.go:124.2,125.16 2 0
guidely-app/internal/handlers/place.go:125.16,130.3 4 0
guidely-app/internal/handlers/place.go:131.2,132.36 2 0
guidely-app/internal/handlers/place.go:135.81,138.9 3 0
guidely-app/internal/handlers/place.go:138.9,142.3 3 0
guidely-app/internal/handlers/place.go:144.2,146.16 3 0
guidely-app/internal/handlers/place.go:146.16,151.3 4 0
guidely-app/internal/handlers/place.go:153.2,154.21 2 0
guidely-app/internal/handlers/place.go:154.21,158.3 3 0
guidely-app/internal/handlers/place.go:159.2,160.16 2 0
guidely-app/internal/handlers/place.go:160.16,164.3 3 0
guidely-app/internal/handlers/place.go:166.2,167.59 2 0
guidely-app/internal/handlers/place.go:167.59,171.3 3 0
guidely-app/internal/handlers/place.go:173.2,174.16 2 0
guidely-app/internal/handlers/place.go:174.16,179.3 4 0
guidely-app/internal/handlers/place.go:181.2,182.63 2 0
guidely-app/internal/handlers/place.go:185.71,187.17 2 0
guidely-app/internal/handlers/place.go:187.17,191.3 3 0
guidely-app/internal/handlers/place.go:192.2,193.16 2 0
guidely-app/internal/handlers/place.go:193.16,198.3 4 0
guidely-app/internal/handlers/place.go:200.2,202.27 3 0
guidely-app/internal/handlers/place.go:202.27,204.65 1 0
guidely-app/internal/handlers/place.go:204.65,221.4 2 0
guidely-app/internal/handlers/place.go:223.2,223.21 1 0
guidely-app/internal/handlers/place.go:223.21,225.3 1 0
guidely-app/internal/handlers/place.go:226.2,227.37 2 0
guidely-app/internal/handlers/profile.go:22.79,24.2 1 0
guidely-app/internal/handlers/profile.go:26.77,29.9 3 0
guidely-app/internal/handlers/profile.go:29.9,33.3 3 0
guidely-app/internal/handlers/profile.go:34.2,35.16 2 0
guidely-app/internal/handlers/profile.go:35.16,40.3 4 0
guidely-app/internal/handlers/profile.go:41.2,52.37 3 0
guidely-app/internal/handlers/profile.go:55.80,58.9 3 0
guidely-app/internal/handlers/profile.go:58.9,62.3 3 0
guidely-app/internal/handlers/profile.go:63.2,64.61 2 0
guidely-app/internal/handlers/profile.go:64.61,69.3 4 0
guidely-app/internal/handlers/profile.go:70.2,78.16 3 0
guidely-app/internal/handlers/profile.go:78.16,83.3 4 0
guidely-app/internal/handlers/profile.go:84.2,95.37 3 0
guidely-app/internal/handlers/profile.go:98.79,101.9 3 0
guidely-app/internal/handlers/profile.go:101.9,105.3 3 0
guidely-app/internal/handlers/profile.go:107.2,109.16 3 0
guidely-app/internal/handlers/profile.go:109.16,114.3 4 0
guidely-app/internal/handlers/profile.go:115.2,118.47 3 0
guidely-app/internal/handlers/profile.go:118.47,122.3 3 0
guidely-app/internal/handlers/profile.go:124.2,125.15 2 0
guidely-app/internal/handlers/profile.go:125.15,127.3 1 0
guidely-app/internal/handlers/profile.go:128.2,131.53 3 0
guidely-app/internal/handlers/profile.go:131.53,136.3 4 0
guidely-app/internal/handlers/profile.go:137.2,140.16 3 0
guidely-app/internal/handlers/profile.go:140.16,145.3 4 0
guidely-app/internal/handlers/profile.go:146.2,148.46 2 0
guidely-app/internal/handlers/profile.go:148.46,153.3 4 0
guidely-app/internal/handlers/profile.go:155.2,159.16 4 0
guidely-app/internal/handlers/profile.go:159.16,164.3 4 0
guidely-app/internal/handlers/profile.go:166.2,177.37 3 0
guidely-app/internal/handlers/profile.go:180.76,183.9 3 0
guidely-app/internal/handlers/profile.go:183.9,187.3 3 0
guidely-app/internal/handlers/profile.go:189.2,190.31 2 0
guidely-app/internal/handlers/profile.go:190.31,194.3 3 0
guidely-app/internal/handlers/profile.go:196.2,196.26 1 0
guidely-app/internal/handlers/profile.go:196.26,200.3 3 0
guidely-app/internal/handlers/profile.go:202.2,206.24 4 0
guidely-app/internal/handlers/profile.go:206.24,210.3 3 0
guidely-app/internal/handlers/profile.go:211.2,211.16 1 0
guidely-app/internal/handlers/profile.go:211.16,215.3 3 0
guidely-app/internal/handlers/profile.go:216.2,216.18 1 0
guidely-app/internal/handlers/profile.go:216.18,220.3 3 0
guidely-app/internal/handlers/profile.go:222.2,224.13 3 0
guidely-app/internal/handlers/profile.go:225.14,226.28 1 0
guidely-app/internal/handlers/profile.go:227.14,228.28 1 0
guidely-app/internal/handlers/profile.go:229.15,230.29 1 0
guidely-app/internal/handlers/profile.go:232.2,233.32 2 0
guidely-app/internal/handlers/review.go:19.69,21.2 1 0
guidely-app/internal/handlers/review.go:23.72,25.17 2 0
guidely-app/internal/handlers/review.go:25.17,28.3 2 0
guidely-app/internal/handlers/review.go:30.2,37.61 2 0
guidely-app/internal/handlers/review.go:37.61,40.3 2 0
guidely-app/internal/handlers/review.go:42.2,50.16 2 0
guidely-app/internal/handlers/review.go:50.16,54.3 3 0
guidely-app/internal/handlers/review.go:56.2,60.4 2 0
guidely-app/internal/handlers/review.go:63.72,65.17 2 0
guidely-app/internal/handlers/review.go:65.17,68.3 2 0
guidely-app/internal/handlers/review.go:70.2,72.16 3 0
guidely-app/internal/handlers/review.go:72.16,75.3 2 0
guidely-app/internal/handlers/review.go:77.2,81.16 2 0
guidely-app/internal/handlers/review.go:81.16,85.3 3 0
guidely-app/internal/handlers/review.go:86.2,86.37 1 0
guidely-app/internal/handlers/trip.go:21.67,23.2 1 0
guidely-app/internal/handlers/trip.go:25.68,28.9 3 0
guidely-app/internal/handlers/trip.go:28.9,32.3 3 0
guidely-app/internal/handlers/trip.go:33.2,34.16 2 0
guidely-app/internal/handlers/trip.go:34.16,39.3 4 0
guidely-app/internal/handlers/trip.go:40.2,41.26 2 0
guidely-app/internal/handlers/trip.go:41.26,51.3 1 0
guidely-app/internal/handlers/trip.go:52.2,53.37 2 0
guidely-app/internal/handlers/trip.go:56.70,59.9 3 0
guidely-app/internal/handlers/trip.go:59.9,63.3 3 0
guidely-app/internal/handlers/trip.go:64.2,65.61 2 0
guidely-app/internal/handlers/trip.go:65.61,70.3 4 0
guidely-app/internal/handlers/trip.go:71.2,81.16 3 0
guidely-app/internal/handlers/trip.go:81.16,86.3 4 0
guidely-app/internal/handlers/trip.go:87.2,92.4 3 0
guidely-app/internal/handlers/trip.go:95.74,98.9 3 0
guidely-app/internal/handlers/trip.go:98.9,102.3 3 0
guidely-app/internal/handlers/trip.go:103.2,104.16 2 0
guidely-app/internal/handlers/trip.go:104.16,109.3 4 0
guidely-app/internal/handlers/trip.go:111.2,112.16 2 0
guidely-app/internal/handlers/trip.go:112.16,114.38 2 0
guidely-app/internal/handlers/trip.go:114.38,118.4 3 0
guidely-app/internal/handlers/trip.go:119.3,121.9 3 0
guidely-app/internal/handlers/trip.go:123.2,133.37 3 0
guidely-app/internal/handlers/trip.go:136.70,139.9 3 0
guidely-app/internal/handlers/trip.go:139.9,143.3 3 0
guidely-app/internal/handlers/trip.go:144.2,146.16 3 0
guidely-app/internal/handlers/trip.go:146.16,151.3 4 0
guidely-app/internal/handlers/trip.go:152.2,153.61 2 0
guidely-app/internal/handlers/trip.go:153.61,158.3 4 0
guidely-app/internal/handlers/trip.go:159.2,169.16 3 0
guidely-app/internal/handlers/trip.go:169.16,174.3 4 0
guidely-app/internal/handlers/trip.go:175.2,176.63 2 0
guidely-app/internal/handlers/trip.go:179.70,182.9 3 0
guidely-app/internal/handlers/trip.go:182.9,186.3 3 0
guidely-app/internal/handlers/trip.go:187.2,189.16 3 0
guidely-app/internal/handlers/trip.go:189.16,193.3 3 0
guidely-app/internal/handlers/trip.go:194.2,194.70 1 0
guidely-app/internal/handlers/trip.go:194.70,196.10 2 0
guidely-app/internal/handlers/trip.go:197.40,198.56 1 0
guidely-app/internal/handlers/trip.go:199.40,200.52 1 0
guidely-app/internal/handlers/trip.go:201.11,202.67 1 0
guidely-app/internal/handlers/trip.go:204.3,204.9 1 0
guidely-app/internal/handlers/trip.go:206.2,206.37 1 0
guidely-app/internal/handlers/trip.go:209.77,212.16 3 0
guidely-app/internal/handlers/trip.go:212.16,217.3 4 0
guidely-app/internal/handlers/trip.go:219.2,220.16 2 0
guidely-app/internal/handlers/trip.go:220.16,225.3 4 0
guidely-app/internal/handlers/trip.go:227.2,227.21 1 0
guidely-app/internal/handlers/trip.go:227.21,229.3 1 0
guidely-app/internal/handlers/trip.go:231.2,231.37 1 0
guidely-app/internal/handlers/trip.go:234.72,237.9 3 0
guidely-app/internal/handlers/trip.go:237.9,241.3 3 0
guidely-app/internal/handlers/trip.go:243.2,245.16 3 0
guidely-app/internal/handlers/trip.go:245.16,250.3 4 0
guidely-app/internal/handlers/trip.go:252.2,256.61 2 0
guidely-app/internal/handlers/trip.go:256.61,261.3 4 0
guidely-app/internal/handlers/trip.go:263.2,263.111 1 0
guidely-app/internal/handlers/trip.go:263.111,268.3 4 0
guidely-app/internal/handlers/trip.go:270.2,272.80 3 0
guidely-app/internal/handlers/trip.go:275.75,278.9 3 0
guidely-app/internal/handlers/trip.go:278.9,282.3 3 0
guidely-app/internal/handlers/trip.go:284.2,286.16 3 0
guidely-app/internal/handlers/trip.go:286.16,291.3 4 0
guidely-app/internal/handlers/trip.go:293.2,294.16 2 0
guidely-app/internal/handlers/trip.go:294.16,299.3 4 0
guidely-app/internal/handlers/trip.go:301.2,301.96 1 0
guidely-app/internal/handlers/trip.go:301.96,306.3 4 0
guidely-app/internal/handlers/trip.go:308.2,309.37 2 0
guidely-app/internal/middleware/auth.go:16.80,18.2 1 0
guidely-app/internal/middleware/auth.go:20.79,21.54 1 0
guidely-app/internal/middleware/auth.go:21.54,23.17 2 0
guidely-app/internal/middleware/auth.go:23.17,27.4 3 0
guidely-app/internal/middleware/auth.go:28.3,29.75 2 0
guidely-app/internal/middleware/auth.go:29.75,33.4 3 0
guidely-app/internal/middleware/auth.go:34.3,35.40 2 0
guidely-app/internal/middleware/auth.go:39.51,41.32 2 0
guidely-app/internal/middleware/auth.go:41.32,43.3 1 0
guidely-app/internal/middleware/auth.go:44.2,44.10 1 0
guidely-app/internal/middleware/cors.go:8.69,10.35 2 0
guidely-app/internal/middleware/cors.go:10.35,12.3 1 0
guidely-app/internal/middleware/cors.go:14.2,14.46 1 0
guidely-app/internal/middleware/cors.go:14.46,15.72 1 0
guidely-app/internal/middleware/cors.go:15.72,18.38 2 0
guidely-app/internal/middleware/cors.go:18.38,24.5 5 0
guidely-app/internal/middleware/cors.go:26.4,26.38 1 0
guidely-app/internal/middleware/cors.go:26.38,29.5 2 0
guidely-app/internal/middleware/cors.go:30.4,30.24 1 0
guidely-app/internal/repository/category_repo.go:16.43,18.2 1 0
guidely-app/internal/repository/category_repo.go:20.79,23.16 3 0
guidely-app/internal/repository/category_repo.go:23.16,25.3 1 0
guidely-app/internal/repository/category_repo.go:26.2,28.18 3 0
guidely-app/internal/repository/category_repo.go:28.18,30.111 2 0
guidely-app/internal/repository/category_repo.go:30.111,32.4 1 0
guidely-app/internal/repository/category_repo.go:33.3,33.37 1 0
guidely-app/internal/repository/category_repo.go:35.2,35.24 1 0
guidely-app/internal/repository/category_repo.go:38.90,42.35 4 0
guidely-app/internal/repository/category_repo.go:42.35,44.3 1 0
guidely-app/internal/repository/category_repo.go:45.2,45.16 1 0
guidely-app/internal/repository/category_repo.go:45.16,47.3 1 0
guidely-app/internal/repository/category_repo.go:48.2,48.16 1 0
guidely-app/internal/repository/category_repo.go:51.78,54.2 2 0
guidely-app/internal/repository/category_repo.go:56.78,60.2 3 0
guidely-app/internal/repository/category_repo.go:62.69,65.2 2 0
guidely-app/internal/repository/db.go:21.104,23.2 1 0
guidely-app/internal/repository/db.go:25.97,27.2 1 0
guidely-app/internal/repository/db.go:29.112,31.2 1 0
guidely-app/internal/repository/place_repo.go:18.37,20.2 1 0
guidely-app/internal/repository/place_repo.go:22.73,37.16 4 0
guidely-app/internal/repository/place_repo.go:37.16,40.3 2 0
guidely-app/internal/repository/place_repo.go:41.2,45.18 3 0
guidely-app/internal/repository/place_repo.go:45.18,61.17 10 0
guidely-app/internal/repository/place_repo.go:61.17,64.4 2 0
guidely-app/internal/repository/place_repo.go:66.3,66.44 1 0
guidely-app/internal/repository/place_repo.go:66.44,67.20 1 0
guidely-app/internal/repository/place_repo.go:67.20,75.5 1 0
guidely-app/internal/repository/place_repo.go:76.4,76.20 1 0
guidely-app/internal/repository/place_repo.go:76.20,82.5 1 0
guidely-app/internal/repository/place_repo.go:83.4,83.24 1 0
guidely-app/internal/repository/place_repo.go:86.3,86.50 1 0
guidely-app/internal/repository/place_repo.go:86.50,98.4 2 0
guidely-app/internal/repository/place_repo.go:101.2,102.30 2 0
guidely-app/internal/repository/place_repo.go:102.30,104.3 1 0
guidely-app/internal/repository/place_repo.go:106.2,107.20 2 0
guidely-app/internal/repository/place_repo.go:110.84,131.35 9 0
guidely-app/internal/repository/place_repo.go:131.35,134.3 2 0
guidely-app/internal/repository/place_repo.go:135.2,135.16 1 0
guidely-app/internal/repository/place_repo.go:135.16,138.3 2 0
guidely-app/internal/repository/place_repo.go:139.2,139.18 1 0
guidely-app/internal/repository/place_repo.go:139.18,147.3 1 0
guidely-app/internal/repository/place_repo.go:148.2,148.18 1 0
guidely-app/internal/repository/place_repo.go:148.18,154.3 1 0
guidely-app/internal/repository/place_repo.go:155.2,155.16 1 0
guidely-app/internal/repository/place_repo.go:158.120,162.16 4 0
guidely-app/internal/repository/place_repo.go:162.16,163.36 1 0
guidely-app/internal/repository/place_repo.go:163.36,165.4 1 0
guidely-app/internal/repository/place_repo.go:166.3,166.57 1 0
guidely-app/internal/repository/place_repo.go:169.2,170.17 2 0
guidely-app/internal/repository/place_repo.go:170.17,172.3 1 0
guidely-app/internal/repository/place_repo.go:173.2,182.8 1 0
guidely-app/internal/repository/place_repo.go:185.94,193.16 4 0
guidely-app/internal/repository/place_repo.go:193.16,196.3 2 0
guidely-app/internal/repository/place_repo.go:197.2,197.20 1 0
guidely-app/internal/repository/review_repo.go:16.39,18.2 1 0
guidely-app/internal/repository/review_repo.go:20.79,26.2 2 0
guidely-app/internal/repository/review_repo.go:28.86,36.35 4 0
guidely-app/internal/repository/review_repo.go:36.35,38.3 1 0
guidely-app/internal/repository/review_repo.go:39.2,39.18 1 0
guidely-app/internal/repository/review_repo.go:42.117,52.16 3 0
guidely-app/internal/repository/review_repo.go:52.16,54.3 1 0
guidely-app/internal/repository/review_repo.go:55.2,57.18 3 0
guidely-app/internal/repository/review_repo.go:57.18,62.17 4 0
guidely-app/internal/repository/review_repo.go:62.17,64.4 1 0
guidely-app/internal/repository/review_repo.go:65.3,66.33 2 0
guidely-app/internal/repository/review_repo.go:68.2,68.21 1 0
guidely-app/internal/repository/review_repo.go:71.67,74.2 2 0
guidely-app/internal/repository/trip_repo.go:17.35,19.2 1 0
guidely-app/internal/repository/trip_repo.go:21.73,29.16 4 0
guidely-app/internal/repository/trip_repo.go:29.16,32.3 2 0
guidely-app/internal/repository/trip_repo.go:33.2,34.12 2 0
guidely-app/internal/repository/trip_repo.go:37.82,46.35 5 0
guidely-app/internal/repository/trip_repo.go:46.35,49.3 2 0
guidely-app/internal/repository/trip_repo.go:50.2,50.16 1 0
guidely-app/internal/repository/trip_repo.go:50.16,53.3 2 0
guidely-app/internal/repository/trip_repo.go:54.2,54.19 1 0
guidely-app/internal/repository/trip_repo.go:57.89,62.16 4 0
guidely-app/internal/repository/trip_repo.go:62.16,65.3 2 0
guidely-app/internal/repository/trip_repo.go:66.2,68.18 3 0
guidely-app/internal/repository/trip_repo.go:68.18,72.17 3 0
guidely-app/internal/repository/trip_repo.go:72.17,75.4 2 0
guidely-app/internal/repository/trip_repo.go:76.3,76.27 1 0
guidely-app/internal/repository/trip_repo.go:78.2,79.19 2 0
guidely-app/internal/repository/trip_repo.go:82.73,92.16 4 0
guidely-app/internal/repository/trip_repo.go:92.16,95.3 2 0
guidely-app/internal/repository/trip_repo.go:96.2,97.12 2 0
guidely-app/internal/repository/trip_repo.go:100.65,103.16 3 0
guidely-app/internal/repository/trip_repo.go:103.16,106.3 2 0
guidely-app/internal/repository/trip_repo.go:107.2,108.12 2 0
guidely-app/internal/repository/trip_repo.go:111.98,114.16 3 0
guidely-app/internal/repository/trip_repo.go:114.16,117.3 2 0
guidely-app/internal/repository/trip_repo.go:118.2,118.12 1 0
guidely-app/internal/repository/trip_repo.go:121.101,135.16 4 0
guidely-app/internal/repository/trip_repo.go:135.16,138.3 2 0
guidely-app/internal/repository/trip_repo.go:139.2,142.18 3 0
guidely-app/internal/repository/trip_repo.go:142.18,144.96 2 0
guidely-app/internal/repository/trip_repo.go:144.96,147.4 2 0
guidely-app/internal/repository/trip_repo.go:148.3,148.30 1 0
guidely-app/internal/repository/trip_repo.go:150.2,151.20 2 0
guidely-app/internal/repository/trip_repo.go:154.86,158.16 4 0
guidely-app/internal/repository/trip_repo.go:158.16,161.3 2 0
guidely-app/internal/repository/trip_repo.go:162.2,165.18 3 0
guidely-app/internal/repository/trip_repo.go:165.18,167.40 2 0
guidely-app/internal/repository/trip_repo.go:167.40,170.4 2 0
guidely-app/internal/repository/trip_repo.go:171.3,171.34 1 0
guidely-app/internal/repository/trip_repo.go:174.2,175.22 2 0
guidely-app/internal/repository/trip_repo.go:178.88,182.16 4 0
guidely-app/internal/repository/trip_repo.go:182.16,185.3 2 0
guidely-app/internal/repository/trip_repo.go:186.2,186.12 1 0
guidely-app/internal/repository/trip_repo.go:189.96,194.16 5 0
guidely-app/internal/repository/trip_repo.go:194.16,197.3 2 0
guidely-app/internal/repository/trip_repo.go:198.2,198.20 1 0
guidely-app/internal/review/server.go:20.43,22.2 1 0
guidely-app/internal/review/server.go:24.60,34.20 2 0
guidely-app/internal/review/server.go:34.20,36.3 1 0
guidely-app/internal/review/server.go:37.2,37.24 1 0
guidely-app/internal/review/server.go:37.24,40.3 2 0
guidely-app/internal/review/server.go:41.2,41.13 1 0
guidely-app/internal/review/server.go:44.91,46.28 2 0
guidely-app/internal/review/server.go:46.28,58.21 2 0
guidely-app/internal/review/server.go:58.21,60.4 1 0
guidely-app/internal/review/server.go:61.3,61.31 1 0
guidely-app/internal/review/server.go:63.2,63.15 1 0
guidely-app/internal/review/server.go:66.109,68.26 2 0
guidely-app/internal/review/server.go:68.26,70.17 2 0
guidely-app/internal/review/server.go:70.17,72.4 1 0
guidely-app/internal/review/server.go:74.2,83.16 3 0
guidely-app/internal/review/server.go:83.16,85.3 1 0
guidely-app/internal/review/server.go:86.2,86.38 1 0
guidely-app/internal/review/server.go:89.105,90.68 1 0
guidely-app/internal/review/server.go:90.68,92.3 1 0
guidely-app/internal/review/server.go:93.2,93.30 1 0
guidely-app/internal/review/server.go:96.130,98.16 2 0
guidely-app/internal/review/server.go:98.16,100.3 1 0
guidely-app/internal/review/server.go:101.2,103.8 1 0
guidely-app/internal/review/service.go:31.65,33.2 1 0
guidely-app/internal/review/service.go:35.106,36.42 1 0
guidely-app/internal/review/service.go:36.42,38.3 1 0
guidely-app/internal/review/service.go:39.2,47.51 2 0
guidely-app/internal/review/service.go:47.51,49.3 1 0
guidely-app/internal/review/service.go:50.2,50.20 1 0
guidely-app/internal/review/service.go:53.88,55.33 2 0
guidely-app/internal/review/service.go:55.33,57.3 1 0
guidely-app/internal/review/service.go:58.2,58.29 1 0
guidely-app/internal/review/service.go:58.29,60.3 1 0
guidely-app/internal/review/service.go:61.2,61.37 1 0
guidely-app/internal/review/service.go:64.124,66.2 1 0
guidely-app/internal/review/repository/review_repo.go:17.50,19.2 1 0
guidely-app/internal/review/repository/review_repo.go:21.79,27.2 2 0
guidely-app/internal/review/repository/review_repo.go:29.86,37.35 4 0
guidely-app/internal/review/repository/review_repo.go:37.35,39.3 1 0
guidely-app/internal/review/repository/review_repo.go:40.2,40.18 1 0
guidely-app/internal/review/repository/review_repo.go:43.117,53.16 3 0
guidely-app/internal/review/repository/review_repo.go:53.16,55.3 1 0
guidely-app/internal/review/repository/review_repo.go:56.2,58.18 3 0
guidely-app/internal/review/repository/review_repo.go:58.18,63.17 4 0
guidely-app/internal/review/repository/review_repo.go:63.17,65.4 1 0
guidely-app/internal/review/repository/review_repo.go:66.3,67.33 2 0
guidely-app/internal/review/repository/review_repo.go:69.2,69.21 1 0
guidely-app/internal/review/repository/review_repo.go:72.67,75.2 2 0
guidely-app/internal/service/category_service.go:13.77,15.2 1 0
guidely-app/internal/service/category_service.go:17.86,19.2 1 0
guidely-app/internal/service/category_service.go:21.97,23.2 1 0
guidely-app/internal/service/category_service.go:25.85,27.2 1 0
guidely-app/internal/service/category_service.go:29.85,31.2 1 0
guidely-app/internal/service/category_service.go:33.76,35.2 1 0
guidely-app/internal/service/place_service.go:14.113,16.2 1 0
guidely-app/internal/service/place_service.go:18.80,20.2 1 0
guidely-app/internal/service/place_service.go:22.117,24.2 1 0
guidely-app/internal/service/place_service.go:26.111,28.2 1 0
guidely-app/internal/service/place_service.go:30.101,32.2 1 0
guidely-app/internal/service/profile_service.go:21.75,23.2 1 0
guidely-app/internal/service/profile_service.go:25.99,27.2 1 0
guidely-app/internal/service/profile_service.go:29.128,31.16 2 0
guidely-app/internal/service/profile_service.go:31.16,33.3 1 0
guidely-app/internal/service/profile_service.go:34.2,34.27 1 0
guidely-app/internal/service/profile_service.go:34.27,36.3 1 0
guidely-app/internal/service/profile_service.go:37.2,37.28 1 0
[...]
guidely-app/internal/handlers/trip.go:95.74,98.9 3 0
guidely-app/internal/handlers/trip.go:98.9,102.3 3 0
guidely-app/internal/handlers/trip.go:103.2,104.16 2 0
guidely-app/internal/handlers/trip.go:104.16,109.3 4 0
guidely-app/internal/handlers/trip.go:111.2,112.16 2 0
guidely-app/internal/handlers/trip.go:112.16,114.38 2 0
guidely-app/internal/handlers/trip.go:114.38,118.4 3 0
guidely-app/internal/handlers/trip.go:119.3,121.9 3 0
guidely-app/internal/handlers/trip.go:123.2,133.37 3 0
guidely-app/internal/handlers/trip.go:136.70,139.9 3 0
guidely-app/internal/handlers/trip.go:139.9,143.3 3 0
guidely-app/internal/handlers/trip.go:144.2,146.16 3 0
guidely-app/internal/handlers/trip.go:146.16,151.3 4 0
guidely-app/internal/handlers/trip.go:152.2,153.61 2 0
guidely-app/internal/handlers/trip.go:153.61,158.3 4 0
guidely-app/internal/handlers/trip.go:159.2,169.16 3 0
guidely-app/internal/handlers/trip.go:169.16,174.3 4 0
guidely-app/internal/handlers/trip.go:175.2,176.63 2 0
guidely-app/internal/handlers/trip.go:179.70,182.9 3 0
guidely-app/internal/handlers/trip.go:182.9,186.3 3 0
guidely-app/internal/handlers/trip.go:187.2,189.16 3 0
guidely-app/internal/handlers/trip.go:189.16,193.3 3 0
guidely-app/internal/handlers/trip.go:194.2,194.70 1 0
guidely-app/internal/handlers/trip.go:194.70,196.10 2 0
guidely-app/internal/handlers/trip.go:197.40,198.56 1 0
guidely-app/internal/handlers/trip.go:199.40,200.52 1 0
guidely-app/internal/handlers/trip.go:201.11,202.67 1 0
guidely-app/internal/handlers/trip.go:204.3,204.9 1 0
guidely-app/internal/handlers/trip.go:206.2,206.37 1 0
guidely-app/internal/handlers/trip.go:209.77,212.16 3 0
guidely-app/internal/handlers/trip.go:212.16,217.3 4 0
guidely-app/internal/handlers/trip.go:219.2,220.16 2 0
guidely-app/internal/handlers/trip.go:220.16,225.3 4 0
guidely-app/internal/handlers/trip.go:227.2,227.21 1 0
guidely-app/internal/handlers/trip.go:227.21,229.3 1 0
guidely-app/internal/handlers/trip.go:231.2,231.37 1 0
guidely-app/internal/handlers/trip.go:234.72,237.9 3 0
guidely-app/internal/handlers/trip.go:237.9,241.3 3 0
guidely-app/internal/handlers/trip.go:243.2,245.16 3 0
guidely-app/internal/handlers/trip.go:245.16,250.3 4 0
guidely-app/internal/handlers/trip.go:252.2,256.61 2 0
guidely-app/internal/handlers/trip.go:256.61,261.3 4 0
guidely-app/internal/handlers/trip.go:263.2,263.111 1 0
guidely-app/internal/handlers/trip.go:263.111,268.3 4 0
guidely-app/internal/handlers/trip.go:270.2,272.80 3 0
guidely-app/internal/handlers/trip.go:275.75,278.9 3 0
guidely-app/internal/handlers/trip.go:278.9,282.3 3 0
guidely-app/internal/handlers/trip.go:284.2,286.16 3 0
guidely-app/internal/handlers/trip.go:286.16,291.3 4 0
guidely-app/internal/handlers/trip.go:293.2,294.16 2 0
guidely-app/internal/handlers/trip.go:294.16,299.3 4 0
guidely-app/internal/handlers/trip.go:301.2,301.96 1 0
guidely-app/internal/handlers/trip.go:301.96,306.3 4 0
guidely-app/internal/handlers/trip.go:308.2,309.37 2 0
guidely-app/internal/middleware/auth.go:16.80,18.2 1 0
guidely-app/internal/middleware/auth.go:20.79,21.54 1 0
guidely-app/internal/middleware/auth.go:21.54,23.17 2 0
guidely-app/internal/middleware/auth.go:23.17,27.4 3 0
guidely-app/internal/middleware/auth.go:28.3,29.75 2 0
guidely-app/internal/middleware/auth.go:29.75,33.4 3 0
guidely-app/internal/middleware/auth.go:34.3,35.40 2 0
guidely-app/internal/middleware/auth.go:39.51,41.32 2 0
guidely-app/internal/middleware/auth.go:41.32,43.3 1 0
guidely-app/internal/middleware/auth.go:44.2,44.10 1 0
guidely-app/internal/middleware/cors.go:8.69,10.35 2 0
guidely-app/internal/middleware/cors.go:10.35,12.3 1 0
guidely-app/internal/middleware/cors.go:14.2,14.46 1 0
guidely-app/internal/middleware/cors.go:14.46,15.72 1 0
guidely-app/internal/middleware/cors.go:15.72,18.38 2 0
guidely-app/internal/middleware/cors.go:18.38,24.5 5 0
guidely-app/internal/middleware/cors.go:26.4,26.38 1 0
guidely-app/internal/middleware/cors.go:26.38,29.5 2 0
guidely-app/internal/middleware/cors.go:30.4,30.24 1 0
guidely-app/internal/repository/category_repo.go:16.43,18.2 1 0
guidely-app/internal/repository/category_repo.go:20.79,23.16 3 0
guidely-app/internal/repository/category_repo.go:23.16,25.3 1 0
guidely-app/internal/repository/category_repo.go:26.2,28.18 3 0
guidely-app/internal/repository/category_repo.go:28.18,30.111 2 0
guidely-app/internal/repository/category_repo.go:30.111,32.4 1 0
guidely-app/internal/repository/category_repo.go:33.3,33.37 1 0
guidely-app/internal/repository/category_repo.go:35.2,35.24 1 0
guidely-app/internal/repository/category_repo.go:38.90,42.35 4 0
guidely-app/internal/repository/category_repo.go:42.35,44.3 1 0
guidely-app/internal/repository/category_repo.go:45.2,45.16 1 0
guidely-app/internal/repository/category_repo.go:45.16,47.3 1 0
guidely-app/internal/repository/category_repo.go:48.2,48.16 1 0
guidely-app/internal/repository/category_repo.go:51.78,54.2 2 0
guidely-app/internal/repository/category_repo.go:56.78,60.2 3 0
guidely-app/internal/repository/category_repo.go:62.69,65.2 2 0
guidely-app/internal/repository/db.go:21.104,23.2 1 0
guidely-app/internal/repository/db.go:25.97,27.2 1 0
guidely-app/internal/repository/db.go:29.112,31.2 1 0
guidely-app/internal/repository/place_repo.go:18.37,20.2 1 0
guidely-app/internal/repository/place_repo.go:22.73,37.16 4 0
guidely-app/internal/repository/place_repo.go:37.16,40.3 2 0
guidely-app/internal/repository/place_repo.go:41.2,45.18 3 0
guidely-app/internal/repository/place_repo.go:45.18,61.17 10 0
guidely-app/internal/repository/place_repo.go:61.17,64.4 2 0
guidely-app/internal/repository/place_repo.go:66.3,66.44 1 0
guidely-app/internal/repository/place_repo.go:66.44,67.20 1 0
guidely-app/internal/repository/place_repo.go:67.20,75.5 1 0
guidely-app/internal/repository/place_repo.go:76.4,76.20 1 0
guidely-app/internal/repository/place_repo.go:76.20,82.5 1 0
guidely-app/internal/repository/place_repo.go:83.4,83.24 1 0
guidely-app/internal/repository/place_repo.go:86.3,86.50 1 0
guidely-app/internal/repository/place_repo.go:86.50,98.4 2 0
guidely-app/internal/repository/place_repo.go:101.2,102.30 2 0
guidely-app/internal/repository/place_repo.go:102.30,104.3 1 0
guidely-app/internal/repository/place_repo.go:106.2,107.20 2 0
guidely-app/internal/repository/place_repo.go:110.84,131.35 9 0
guidely-app/internal/repository/place_repo.go:131.35,134.3 2 0
guidely-app/internal/repository/place_repo.go:135.2,135.16 1 0
guidely-app/internal/repository/place_repo.go:135.16,138.3 2 0
guidely-app/internal/repository/place_repo.go:139.2,139.18 1 0
guidely-app/internal/repository/place_repo.go:139.18,147.3 1 0
guidely-app/internal/repository/place_repo.go:148.2,148.18 1 0
guidely-app/internal/repository/place_repo.go:148.18,154.3 1 0
guidely-app/internal/repository/place_repo.go:155.2,155.16 1 0
guidely-app/internal/repository/place_repo.go:158.120,162.16 4 0
guidely-app/internal/repository/place_repo.go:162.16,163.36 1 0
guidely-app/internal/repository/place_repo.go:163.36,165.4 1 0
guidely-app/internal/repository/place_repo.go:166.3,166.57 1 0
guidely-app/internal/repository/place_repo.go:169.2,170.17 2 0
guidely-app/internal/repository/place_repo.go:170.17,172.3 1 0
guidely-app/internal/repository/place_repo.go:173.2,182.8 1 0
guidely-app/internal/repository/place_repo.go:185.94,193.16 4 0
guidely-app/internal/repository/place_repo.go:193.16,196.3 2 0
guidely-app/internal/repository/place_repo.go:197.2,197.20 1 0
guidely-app/internal/repository/review_repo.go:16.39,18.2 1 0
guidely-app/internal/repository/review_repo.go:20.79,26.2 2 0
guidely-app/internal/repository/review_repo.go:28.86,36.35 4 0
guidely-app/internal/repository/review_repo.go:36.35,38.3 1 0
guidely-app/internal/repository/review_repo.go:39.2,39.18 1 0
guidely-app/internal/repository/review_repo.go:42.117,52.16 3 0
guidely-app/internal/repository/review_repo.go:52.16,54.3 1 0
guidely-app/internal/repository/review_repo.go:55.2,57.18 3 0
guidely-app/internal/repository/review_repo.go:57.18,62.17 4 0
guidely-app/internal/repository/review_repo.go:62.17,64.4 1 0
guidely-app/internal/repository/review_repo.go:65.3,66.33 2 0
guidely-app/internal/repository/review_repo.go:68.2,68.21 1 0
guidely-app/internal/repository/review_repo.go:71.67,74.2 2 0
guidely-app/internal/repository/trip_repo.go:17.35,19.2 1 0
guidely-app/internal/repository/trip_repo.go:21.73,29.16 4 0
guidely-app/internal/repository/trip_repo.go:29.16,32.3 2 0
guidely-app/internal/repository/trip_repo.go:33.2,34.12 2 0
guidely-app/internal/repository/trip_repo.go:37.82,46.35 5 0
guidely-app/internal/repository/trip_repo.go:46.35,49.3 2 0
guidely-app/internal/repository/trip_repo.go:50.2,50.16 1 0
guidely-app/internal/repository/trip_repo.go:50.16,53.3 2 0
guidely-app/internal/repository/trip_repo.go:54.2,54.19 1 0
guidely-app/internal/repository/trip_repo.go:57.89,62.16 4 0
guidely-app/internal/repository/trip_repo.go:62.16,65.3 2 0
guidely-app/internal/repository/trip_repo.go:66.2,68.18 3 0
guidely-app/internal/repository/trip_repo.go:68.18,72.17 3 0
guidely-app/internal/repository/trip_repo.go:72.17,75.4 2 0
guidely-app/internal/repository/trip_repo.go:76.3,76.27 1 0
guidely-app/internal/repository/trip_repo.go:78.2,79.19 2 0
guidely-app/internal/repository/trip_repo.go:82.73,92.16 4 0
guidely-app/internal/repository/trip_repo.go:92.16,95.3 2 0
guidely-app/internal/repository/trip_repo.go:96.2,97.12 2 0
guidely-app/internal/repository/trip_repo.go:100.65,103.16 3 0
guidely-app/internal/repository/trip_repo.go:103.16,106.3 2 0
guidely-app/internal/repository/trip_repo.go:107.2,108.12 2 0
guidely-app/internal/repository/trip_repo.go:111.98,114.16 3 0
guidely-app/internal/repository/trip_repo.go:114.16,117.3 2 0
guidely-app/internal/repository/trip_repo.go:118.2,118.12 1 0
guidely-app/internal/repository/trip_repo.go:121.101,135.16 4 0
guidely-app/internal/repository/trip_repo.go:135.16,138.3 2 0
guidely-app/internal/repository/trip_repo.go:139.2,142.18 3 0
guidely-app/internal/repository/trip_repo.go:142.18,144.96 2 0
guidely-app/internal/repository/trip_repo.go:144.96,147.4 2 0
guidely-app/internal/repository/trip_repo.go:148.3,148.30 1 0
guidely-app/internal/repository/trip_repo.go:150.2,151.20 2 0
guidely-app/internal/repository/trip_repo.go:154.86,158.16 4 0
guidely-app/internal/repository/trip_repo.go:158.16,161.3 2 0
guidely-app/internal/repository/trip_repo.go:162.2,165.18 3 0
guidely-app/internal/repository/trip_repo.go:165.18,167.40 2 0
guidely-app/internal/repository/trip_repo.go:167.40,170.4 2 0
guidely-app/internal/repository/trip_repo.go:171.3,171.34 1 0
guidely-app/internal/repository/trip_repo.go:174.2,175.22 2 0
guidely-app/internal/repository/trip_repo.go:178.88,182.16 4 0
guidely-app/internal/repository/trip_repo.go:182.16,185.3 2 0
guidely-app/internal/repository/trip_repo.go:186.2,186.12 1 0
guidely-app/internal/repository/trip_repo.go:189.96,194.16 5 0
guidely-app/internal/repository/trip_repo.go:194.16,197.3 2 0
guidely-app/internal/repository/trip_repo.go:198.2,198.20 1 0
guidely-app/internal/review/server.go:20.43,22.2 1 1
guidely-app/internal/review/server.go:24.60,34.20 2 0
guidely-app/internal/review/server.go:34.20,36.3 1 0
guidely-app/internal/review/server.go:37.2,37.24 1 0
guidely-app/internal/review/server.go:37.24,40.3 2 0
guidely-app/internal/review/server.go:41.2,41.13 1 0
guidely-app/internal/review/server.go:44.91,46.28 2 0
guidely-app/internal/review/server.go:46.28,58.21 2 0
guidely-app/internal/review/server.go:58.21,60.4 1 0
guidely-app/internal/review/server.go:61.3,61.31 1 0
guidely-app/internal/review/server.go:63.2,63.15 1 0
guidely-app/internal/review/server.go:66.109,68.26 2 1
guidely-app/internal/review/server.go:68.26,70.17 2 0
guidely-app/internal/review/server.go:70.17,72.4 1 0
guidely-app/internal/review/server.go:74.2,83.16 3 1
guidely-app/internal/review/server.go:83.16,85.3 1 1
guidely-app/internal/review/server.go:86.2,86.38 1 0
guidely-app/internal/review/server.go:89.105,90.68 1 0
guidely-app/internal/review/server.go:90.68,92.3 1 0
guidely-app/internal/review/server.go:93.2,93.30 1 0
guidely-app/internal/review/server.go:96.130,98.16 2 0
guidely-app/internal/review/server.go:98.16,100.3 1 0
guidely-app/internal/review/server.go:101.2,103.8 1 0
guidely-app/internal/review/service.go:31.65,33.2 1 1
guidely-app/internal/review/service.go:35.106,36.42 1 1
guidely-app/internal/review/service.go:36.42,38.3 1 0
guidely-app/internal/review/service.go:39.2,47.51 2 1
guidely-app/internal/review/service.go:47.51,49.3 1 0
guidely-app/internal/review/service.go:50.2,50.20 1 1
guidely-app/internal/review/service.go:53.88,55.33 2 1
guidely-app/internal/review/service.go:55.33,57.3 1 1
guidely-app/internal/review/service.go:58.2,58.29 1 0
guidely-app/internal/review/service.go:58.29,60.3 1 0
guidely-app/internal/review/service.go:61.2,61.37 1 0
guidely-app/internal/review/service.go:64.124,66.2 1 0
guidely-app/internal/review/repository/review_repo.go:17.50,19.2 1 0
guidely-app/internal/review/repository/review_repo.go:21.79,27.2 2 0
guidely-app/internal/review/repository/review_repo.go:29.86,37.35 4 0
guidely-app/internal/review/repository/review_repo.go:37.35,39.3 1 0
guidely-app/internal/review/repository/review_repo.go:40.2,40.18 1 0
guidely-app/internal/review/repository/review_repo.go:43.117,53.16 3 0
guidely-app/internal/review/repository/review_repo.go:53.16,55.3 1 0
guidely-app/internal/review/repository/review_repo.go:56.2,58.18 3 0
guidely-app/internal/review/repository/review_repo.go:58.18,63.17 4 0
guidely-app/internal/review/repository/review_repo.go:63.17,65.4 1 0
guidely-app/internal/review/repository/review_repo.go:66.3,67.33 2 0
guidely-app/internal/review/repository/review_repo.go:69.2,69.21 1 0
guidely-app/internal/review/repository/review_repo.go:72.67,75.2 2 0
guidely-app/internal/service/category_service.go:13.77,15.2 1 0
guidely-app/internal/service/category_service.go:17.86,19.2 1 0
guidely-app/internal/service/category_service.go:21.97,23.2 1 0
guidely-app/internal/service/category_service.go:25.85,27.2 1 0
guidely-app/internal/service/category_service.go:29.85,31.2 1 0
guidely-app/internal/service/category_service.go:33.76,35.2 1 0
guidely-app/internal/service/place_service.go:14.113,16.2 1 0
guidely-app/internal/service/place_service.go:18.80,20.2 1 0
guidely-app/internal/service/place_service.go:22.117,24.2 1 0
guidely-app/internal/service/place_service.go:26.111,28.2 1 0
guidely-app/internal/service/place_service.go:30.101,32.2 1 0
guidely-app/internal/service/profile_service.go:21.75,23.2 1 0
guidely-app/internal/service/profile_service.go:25.99,27.2 1 0
guidely-app/internal/service/profile_service.go:29.128,31.16 2 0
guidely-app/internal/service/profile_service.go:31.16,33.3 1 0
guidely-app/internal/service/profile_service.go:34.2,34.27 1 0
guidely-app/internal/service/profile_service.go:34.27,36.3 1 0
guidely-app/internal/service/profile_service.go:37.2,37.28 1 0
guidely-app/internal/service/profile_service.go:37.28,39.3 1 0
guidely-app/internal/service/profile_service.go:40.2,40.26 1 0
guidely-app/internal/service/profile_service.go:40.26,42.3 1 0
guidely-app/internal/service/profile_service.go:43.2,43.23 1 0
guidely-app/internal/service/profile_service.go:43.23,45.3 1 0
guidely-app/internal/service/profile_service.go:46.2,46.24 1 0
guidely-app/internal/service/profile_service.go:46.24,48.3 1 0
guidely-app/internal/service/profile_service.go:49.2,49.53 1 0
guidely-app/internal/service/profile_service.go:49.53,51.3 1 0
guidely-app/internal/service/profile_service.go:52.2,52.18 1 0
guidely-app/internal/service/profile_service.go:55.119,57.16 2 0
guidely-app/internal/service/profile_service.go:57.16,59.3 1 0
guidely-app/internal/service/profile_service.go:60.2,61.53 2 0
guidely-app/internal/service/profile_service.go:61.53,63.3 1 0
guidely-app/internal/service/profile_service.go:64.2,64.18 1 0
guidely-app/internal/service/review_service.go:25.71,27.2 1 0
guidely-app/internal/service/review_service.go:29.106,30.42 1 0
guidely-app/internal/service/review_service.go:30.42,32.3 1 0
guidely-app/internal/service/review_service.go:33.2,41.51 2 0
guidely-app/internal/service/review_service.go:41.51,43.3 1 0
guidely-app/internal/service/review_service.go:44.2,44.20 1 0
guidely-app/internal/service/review_service.go:47.88,49.33 2 0
guidely-app/internal/service/review_service.go:49.33,51.3 1 0
guidely-app/internal/service/review_service.go:52.2,52.29 1 0
guidely-app/internal/service/review_service.go:52.29,54.3 1 0
guidely-app/internal/service/review_service.go:55.2,55.37 1 0
guidely-app/internal/service/trip_service.go:18.69,20.2 1 0
guidely-app/internal/service/trip_service.go:42.96,44.23 2 0
guidely-app/internal/service/trip_service.go:44.23,46.3 1 0
guidely-app/internal/service/trip_service.go:47.2,56.53 2 0
guidely-app/internal/service/trip_service.go:56.53,58.3 1 0
guidely-app/internal/service/trip_service.go:59.2,60.18 2 0
guidely-app/internal/service/trip_service.go:63.95,65.2 1 0
guidely-app/internal/service/trip_service.go:67.118,69.16 2 0
guidely-app/internal/service/trip_service.go:69.16,71.3 1 0
guidely-app/internal/service/trip_service.go:72.2,72.17 1 0
guidely-app/internal/service/trip_service.go:72.17,74.3 1 0
guidely-app/internal/service/trip_service.go:75.2,76.16 2 0
guidely-app/internal/service/trip_service.go:76.16,78.3 1 0
guidely-app/internal/service/trip_service.go:79.2,79.26 1 0
guidely-app/internal/service/trip_service.go:82.115,85.31 3 0
guidely-app/internal/service/trip_service.go:85.31,87.3 1 0
guidely-app/internal/service/trip_service.go:88.2,88.30 1 0
guidely-app/internal/service/trip_service.go:88.30,90.3 1 0
guidely-app/internal/service/trip_service.go:91.2,91.24 1 0
guidely-app/internal/service/trip_service.go:91.24,93.3 1 0
guidely-app/internal/service/trip_service.go:94.2,94.30 1 0
guidely-app/internal/service/trip_service.go:94.30,96.3 1 0
guidely-app/internal/service/trip_service.go:97.2,97.27 1 0
guidely-app/internal/service/trip_service.go:97.27,99.3 1 0
guidely-app/internal/service/trip_service.go:100.2,100.28 1 0
guidely-app/internal/service/trip_service.go:100.28,102.3 1 0
guidely-app/internal/service/trip_service.go:103.2,103.26 1 0
guidely-app/internal/service/trip_service.go:103.26,105.3 1 0
guidely-app/internal/service/trip_service.go:106.2,106.29 1 0
guidely-app/internal/service/trip_service.go:106.29,108.3 1 0
guidely-app/internal/service/trip_service.go:109.2,109.27 1 0
guidely-app/internal/service/trip_service.go:109.27,111.3 1 0
guidely-app/internal/service/trip_service.go:112.2,112.53 1 0
guidely-app/internal/service/trip_service.go:112.53,114.3 1 0
guidely-app/internal/service/trip_service.go:115.2,116.18 2 0
guidely-app/internal/service/trip_service.go:119.76,122.31 3 0
guidely-app/internal/service/trip_service.go:122.31,124.3 1 0
guidely-app/internal/service/trip_service.go:125.2,125.30 1 0
guidely-app/internal/service/trip_service.go:125.30,127.3 1 0
guidely-app/internal/service/trip_service.go:128.2,128.35 1 0
guidely-app/internal/service/trip_service.go:131.93,133.2 1 0
guidely-app/internal/service/trip_service.go:135.115,138.31 3 0
guidely-app/internal/service/trip_service.go:138.31,140.3 1 0
guidely-app/internal/service/trip_service.go:141.2,141.30 1 0
guidely-app/internal/service/trip_service.go:141.30,143.3 1 0
guidely-app/internal/service/trip_service.go:145.2,146.16 2 0
guidely-app/internal/service/trip_service.go:146.16,148.3 1 0
guidely-app/internal/service/trip_service.go:149.2,149.12 1 0
guidely-app/internal/service/trip_service.go:149.12,151.3 1 0
guidely-app/internal/service/trip_service.go:153.2,153.67 1 0
guidely-app/internal/service/trip_service.go:156.102,159.31 3 0
guidely-app/internal/service/trip_service.go:159.31,161.3 1 0
guidely-app/internal/service/trip_service.go:162.2,162.30 1 0
guidely-app/internal/service/trip_service.go:162.30,164.3 1 0
guidely-app/internal/service/trip_service.go:165.2,165.58 1 0
