mode: set
guidely-app/internal/config/config.go:16.30,24.2 2 1
guidely-app/internal/config/config.go:26.46,27.38 1 1
guidely-app/internal/config/config.go:27.38,29.3 1 1
guidely-app/internal/config/config.go:30.2,30.21 1 1
guidely-app/internal/utils/password.go:21.37,25.2 3 1
guidely-app/internal/utils/password.go:27.52,29.16 2 1
guidely-app/internal/utils/password.go:29.16,31.3 1 0
guidely-app/internal/utils/password.go:32.2,36.72 4 1
guidely-app/internal/utils/password.go:39.59,41.21 2 1
guidely-app/internal/utils/password.go:41.21,43.3 1 1
guidely-app/internal/utils/password.go:44.2,44.28 1 1
guidely-app/internal/utils/password.go:44.28,46.3 1 0
guidely-app/internal/utils/password.go:47.2,49.16 3 1
guidely-app/internal/utils/password.go:49.16,51.3 1 0
guidely-app/internal/utils/password.go:52.2,53.16 2 1
guidely-app/internal/utils/password.go:53.16,55.3 1 0
guidely-app/internal/utils/password.go:56.2,57.16 2 1
guidely-app/internal/utils/password.go:57.16,59.3 1 0
guidely-app/internal/utils/password.go:60.2,61.55 2 1
guidely-app/internal/utils/time.go:5.47,6.41 1 0
guidely-app/internal/utils/time.go:6.41,8.6 1 0
guidely-app/internal/utils/time.go:10.5,11.19 2 0
guidely-app/internal/utils/time.go:11.19,13.6 1 0
guidely-app/internal/utils/time.go:15.5,15.14 1 0
guidely-app/internal/utils/token.go:10.45,13.16 3 1
guidely-app/internal/utils/token.go:13.16,15.3 1 0
guidely-app/internal/utils/token.go:16.2,16.50 1 1
guidely-app/internal/utils/token.go:19.37,22.2 2 1
guidely-app/internal/utils/validators.go:5.38,9.2 3 1
guidely-app/internal/utils/validators.go:11.44,13.2 1 1
guidely-app/internal/repository/db.go:21.104,23.2 1 0
guidely-app/internal/repository/db.go:25.97,27.2 1 0
guidely-app/internal/repository/db.go:29.112,31.2 1 0
guidely-app/internal/repository/place_repo.go:17.37,19.2 1 1
guidely-app/internal/repository/place_repo.go:21.73,32.16 3 1
guidely-app/internal/repository/place_repo.go:32.16,34.3 1 0
guidely-app/internal/repository/place_repo.go:35.2,37.18 3 1
guidely-app/internal/repository/place_repo.go:37.18,48.17 7 1
guidely-app/internal/repository/place_repo.go:48.17,50.4 1 0
guidely-app/internal/repository/place_repo.go:51.3,51.19 1 1
guidely-app/internal/repository/place_repo.go:51.19,59.4 1 0
guidely-app/internal/repository/place_repo.go:60.3,60.19 1 1
guidely-app/internal/repository/place_repo.go:60.19,66.4 1 0
guidely-app/internal/repository/place_repo.go:67.3,67.29 1 1
guidely-app/internal/repository/place_repo.go:69.2,69.20 1 1
guidely-app/internal/repository/place_repo.go:72.84,92.35 8 1
guidely-app/internal/repository/place_repo.go:92.35,94.3 1 0
guidely-app/internal/repository/place_repo.go:95.2,95.16 1 1
guidely-app/internal/repository/place_repo.go:95.16,97.3 1 0
guidely-app/internal/repository/place_repo.go:98.2,98.18 1 1
guidely-app/internal/repository/place_repo.go:98.18,106.3 1 0
guidely-app/internal/repository/place_repo.go:107.2,107.18 1 1
guidely-app/internal/repository/place_repo.go:107.18,113.3 1 0
guidely-app/internal/repository/place_repo.go:114.2,114.16 1 1
guidely-app/internal/repository/place_repo.go:117.120,123.16 4 1
guidely-app/internal/repository/place_repo.go:123.16,125.3 1 0
guidely-app/internal/repository/place_repo.go:126.2,127.17 2 1
guidely-app/internal/repository/place_repo.go:127.17,129.17 2 1
guidely-app/internal/repository/place_repo.go:129.17,132.4 2 0
guidely-app/internal/repository/place_repo.go:134.2,135.16 2 1
guidely-app/internal/repository/place_repo.go:135.16,137.3 1 0
guidely-app/internal/repository/place_repo.go:138.2,138.18 1 1
guidely-app/internal/repository/place_repo.go:138.18,140.3 1 0
guidely-app/internal/repository/place_repo.go:141.2,150.8 1 1
guidely-app/internal/repository/review_repo.go:15.39,17.2 1 1
guidely-app/internal/repository/review_repo.go:19.79,25.2 2 1
guidely-app/internal/repository/review_repo.go:27.86,35.35 4 1
guidely-app/internal/repository/review_repo.go:35.35,37.3 1 0
guidely-app/internal/repository/review_repo.go:38.2,38.18 1 1
guidely-app/internal/repository/review_repo.go:41.117,51.16 3 1
guidely-app/internal/repository/review_repo.go:51.16,53.3 1 0
guidely-app/internal/repository/review_repo.go:54.2,56.18 3 1
guidely-app/internal/repository/review_repo.go:56.18,63.17 6 1
guidely-app/internal/repository/review_repo.go:63.17,65.4 1 0
guidely-app/internal/repository/review_repo.go:66.3,69.33 4 1
guidely-app/internal/repository/review_repo.go:71.2,71.21 1 1
guidely-app/internal/repository/review_repo.go:74.67,77.2 2 1
guidely-app/internal/repository/session_repo.go:16.41,18.2 1 1
guidely-app/internal/repository/session_repo.go:20.82,26.2 3 1
guidely-app/internal/repository/session_repo.go:28.94,37.35 6 1
guidely-app/internal/repository/session_repo.go:37.35,39.3 1 1
guidely-app/internal/repository/session_repo.go:40.2,40.22 1 1
guidely-app/internal/repository/session_repo.go:43.78,47.2 3 1
guidely-app/internal/repository/trip_repo.go:15.35,17.2 1 1
guidely-app/internal/repository/trip_repo.go:19.73,26.2 2 1
guidely-app/internal/repository/trip_repo.go:28.82,36.35 4 1
guidely-app/internal/repository/trip_repo.go:36.35,38.3 1 0
guidely-app/internal/repository/trip_repo.go:39.2,39.16 1 1
guidely-app/internal/repository/trip_repo.go:39.16,41.3 1 0
guidely-app/internal/repository/trip_repo.go:42.2,42.19 1 1
guidely-app/internal/repository/trip_repo.go:45.89,49.16 3 1
guidely-app/internal/repository/trip_repo.go:49.16,51.3 1 0
guidely-app/internal/repository/trip_repo.go:52.2,54.18 3 1
guidely-app/internal/repository/trip_repo.go:54.18,58.17 3 1
guidely-app/internal/repository/trip_repo.go:58.17,60.4 1 0
guidely-app/internal/repository/trip_repo.go:61.3,61.27 1 1
guidely-app/internal/repository/trip_repo.go:63.2,63.19 1 1
guidely-app/internal/repository/trip_repo.go:66.73,75.2 2 1
guidely-app/internal/repository/trip_repo.go:77.65,80.2 2 1
guidely-app/internal/repository/trip_repo.go:82.98,85.2 2 1
guidely-app/internal/repository/trip_repo.go:87.101,99.16 3 1
guidely-app/internal/repository/trip_repo.go:99.16,101.3 1 0
guidely-app/internal/repository/trip_repo.go:102.2,104.18 3 1
guidely-app/internal/repository/trip_repo.go:104.18,106.96 2 1
guidely-app/internal/repository/trip_repo.go:106.96,108.4 1 0
guidely-app/internal/repository/trip_repo.go:109.3,109.30 1 1
guidely-app/internal/repository/trip_repo.go:111.2,111.20 1 1
guidely-app/internal/repository/user_repo.go:15.35,17.2 1 1
guidely-app/internal/repository/user_repo.go:19.73,24.2 2 1
guidely-app/internal/repository/user_repo.go:26.88,35.35 4 1
guidely-app/internal/repository/user_repo.go:35.35,37.3 1 1
guidely-app/internal/repository/user_repo.go:38.2,38.19 1 1
guidely-app/internal/repository/user_repo.go:41.94,50.35 4 1
guidely-app/internal/repository/user_repo.go:50.35,52.3 1 0
guidely-app/internal/repository/user_repo.go:53.2,53.19 1 1
guidely-app/internal/repository/user_repo.go:56.82,65.35 4 1
guidely-app/internal/repository/user_repo.go:65.35,67.3 1 0
guidely-app/internal/repository/user_repo.go:68.2,68.19 1 1
guidely-app/internal/repository/user_repo.go:71.73,85.2 2 1
guidely-app/internal/service/auth_service.go:17.111,22.2 1 1
guidely-app/internal/service/auth_service.go:35.104,36.38 1 1
guidely-app/internal/service/auth_service.go:36.38,38.3 1 1
guidely-app/internal/service/auth_service.go:39.2,39.44 1 1
guidely-app/internal/service/auth_service.go:39.44,41.3 1 0
guidely-app/internal/service/auth_service.go:42.2,42.29 1 1
guidely-app/internal/service/auth_service.go:42.29,44.3 1 1
guidely-app/internal/service/auth_service.go:45.2,46.21 2 1
guidely-app/internal/service/auth_service.go:46.21,48.3 1 1
guidely-app/internal/service/auth_service.go:49.2,50.25 2 1
guidely-app/internal/service/auth_service.go:50.25,52.3 1 0
guidely-app/internal/service/auth_service.go:53.2,54.16 2 1
guidely-app/internal/service/auth_service.go:54.16,56.3 1 0
guidely-app/internal/service/auth_service.go:57.2,63.53 2 1
guidely-app/internal/service/auth_service.go:63.53,65.3 1 0
guidely-app/internal/service/auth_service.go:66.2,67.16 2 1
guidely-app/internal/service/auth_service.go:67.16,69.3 1 0
guidely-app/internal/service/auth_service.go:70.2,75.59 2 1
guidely-app/internal/service/auth_service.go:75.59,77.3 1 0
guidely-app/internal/service/auth_service.go:78.2,78.25 1 1
guidely-app/internal/service/auth_service.go:81.98,83.31 2 1
guidely-app/internal/service/auth_service.go:83.31,85.3 1 1
guidely-app/internal/service/auth_service.go:86.2,86.65 1 1
guidely-app/internal/service/auth_service.go:86.65,88.3 1 0
guidely-app/internal/service/auth_service.go:89.2,90.16 2 1
guidely-app/internal/service/auth_service.go:90.16,92.3 1 0
guidely-app/internal/service/auth_service.go:93.2,98.59 2 1
guidely-app/internal/service/auth_service.go:98.59,100.3 1 0
guidely-app/internal/service/auth_service.go:101.2,101.25 1 1
guidely-app/internal/service/auth_service.go:104.71,106.2 1 1
guidely-app/internal/service/auth_service.go:108.89,110.2 1 0
guidely-app/internal/service/place_service.go:14.113,19.2 1 1
guidely-app/internal/service/place_service.go:21.76,23.2 1 1
guidely-app/internal/service/place_service.go:25.113,27.2 1 1
guidely-app/internal/service/place_service.go:29.107,31.2 1 1
guidely-app/internal/service/profile_service.go:13.75,15.2 1 1
guidely-app/internal/service/profile_service.go:25.95,27.2 1 1
guidely-app/internal/service/profile_service.go:29.124,31.16 2 1
guidely-app/internal/service/profile_service.go:31.16,33.3 1 0
guidely-app/internal/service/profile_service.go:34.2,34.27 1 1
guidely-app/internal/service/profile_service.go:34.27,36.3 1 1
guidely-app/internal/service/profile_service.go:37.2,37.28 1 1
guidely-app/internal/service/profile_service.go:37.28,39.3 1 1
guidely-app/internal/service/profile_service.go:40.2,40.26 1 1
guidely-app/internal/service/profile_service.go:40.26,42.3 1 0
guidely-app/internal/service/profile_service.go:43.2,43.23 1 1
guidely-app/internal/service/profile_service.go:43.23,45.3 1 0
guidely-app/internal/service/profile_service.go:46.2,46.24 1 1
guidely-app/internal/service/profile_service.go:46.24,48.3 1 0
guidely-app/internal/service/profile_service.go:49.2,49.53 1 1
guidely-app/internal/service/profile_service.go:49.53,51.3 1 0
guidely-app/internal/service/profile_service.go:52.2,52.18 1 1
guidely-app/internal/service/review_service.go:15.77,17.2 1 1
guidely-app/internal/service/review_service.go:28.102,29.42 1 1
guidely-app/internal/service/review_service.go:29.42,31.3 1 1
guidely-app/internal/service/review_service.go:32.2,40.57 2 1
guidely-app/internal/service/review_service.go:40.57,42.3 1 0
guidely-app/internal/service/review_service.go:43.2,43.20 1 1
guidely-app/internal/service/review_service.go:46.84,48.33 2 1
guidely-app/internal/service/review_service.go:48.33,50.3 1 1
guidely-app/internal/service/review_service.go:51.2,51.29 1 1
guidely-app/internal/service/review_service.go:51.29,53.3 1 1
guidely-app/internal/service/review_service.go:54.2,54.43 1 1
guidely-app/internal/service/trip_service.go:15.69,17.2 1 1
guidely-app/internal/service/trip_service.go:39.96,40.23 1 1
guidely-app/internal/service/trip_service.go:40.23,42.3 1 1
guidely-app/internal/service/trip_service.go:43.2,52.53 2 1
guidely-app/internal/service/trip_service.go:52.53,54.3 1 0
guidely-app/internal/service/trip_service.go:55.2,55.18 1 1
guidely-app/internal/service/trip_service.go:58.95,60.2 1 1
guidely-app/internal/service/trip_service.go:62.118,64.16 2 1
guidely-app/internal/service/trip_service.go:64.16,66.3 1 0
guidely-app/internal/service/trip_service.go:67.2,67.17 1 1
guidely-app/internal/service/trip_service.go:67.17,69.3 1 1
guidely-app/internal/service/trip_service.go:70.2,71.16 2 1
guidely-app/internal/service/trip_service.go:71.16,73.3 1 0
guidely-app/internal/service/trip_service.go:74.2,74.26 1 1
guidely-app/internal/service/trip_service.go:77.115,79.31 2 1
guidely-app/internal/service/trip_service.go:79.31,81.3 1 0
guidely-app/internal/service/trip_service.go:82.2,82.30 1 1
guidely-app/internal/service/trip_service.go:82.30,84.3 1 1
guidely-app/internal/service/trip_service.go:85.2,85.24 1 1
guidely-app/internal/service/trip_service.go:85.24,87.3 1 1
guidely-app/internal/service/trip_service.go:88.2,88.30 1 1
guidely-app/internal/service/trip_service.go:88.30,90.3 1 1
guidely-app/internal/service/trip_service.go:91.2,91.27 1 1
guidely-app/internal/service/trip_service.go:91.27,93.3 1 0
guidely-app/internal/service/trip_service.go:94.2,94.28 1 1
guidely-app/internal/service/trip_service.go:94.28,96.3 1 0
guidely-app/internal/service/trip_service.go:97.2,97.26 1 1
guidely-app/internal/service/trip_service.go:97.26,99.3 1 0
guidely-app/internal/service/trip_service.go:100.2,100.29 1 1
guidely-app/internal/service/trip_service.go:100.29,102.3 1 0
guidely-app/internal/service/trip_service.go:103.2,103.27 1 1
guidely-app/internal/service/trip_service.go:103.27,105.3 1 1
guidely-app/internal/service/trip_service.go:106.2,106.53 1 1
guidely-app/internal/service/trip_service.go:106.53,108.3 1 0
guidely-app/internal/service/trip_service.go:109.2,109.18 1 1
guidely-app/internal/service/trip_service.go:112.76,114.31 2 1
guidely-app/internal/service/trip_service.go:114.31,116.3 1 1
guidely-app/internal/service/trip_service.go:117.2,117.30 1 1
guidely-app/internal/service/trip_service.go:117.30,119.3 1 1
guidely-app/internal/service/trip_service.go:120.2,120.35 1 1
guidely-app/internal/middleware/auth.go:15.82,17.2 1 1
guidely-app/internal/middleware/auth.go:19.79,20.54 1 1
guidely-app/internal/middleware/auth.go:20.54,22.17 2 1
guidely-app/internal/middleware/auth.go:22.17,26.4 3 1
guidely-app/internal/middleware/auth.go:27.3,28.75 2 1
guidely-app/internal/middleware/auth.go:28.75,32.4 3 1
guidely-app/internal/middleware/auth.go:33.3,34.40 2 1
guidely-app/internal/middleware/cors.go:5.65,6.46 1 1
guidely-app/internal/middleware/cors.go:6.46,7.72 1 1
guidely-app/internal/middleware/cors.go:7.72,13.29 5 1
guidely-app/internal/middleware/cors.go:13.29,16.5 2 1
guidely-app/internal/middleware/cors.go:17.4,17.24 1 1
guidely-app/internal/handlers/auth.go:15.67,17.2 1 1
guidely-app/internal/handlers/auth.go:19.72,21.61 2 1
guidely-app/internal/handlers/auth.go:21.61,25.3 3 1
guidely-app/internal/handlers/auth.go:26.2,31.16 2 1
guidely-app/internal/handlers/auth.go:31.16,33.88 2 0
guidely-app/internal/handlers/auth.go:33.88,35.4 1 0
guidely-app/internal/handlers/auth.go:36.3,38.9 3 0
guidely-app/internal/handlers/auth.go:40.2,53.4 3 1
guidely-app/internal/handlers/auth.go:56.69,58.61 2 1
guidely-app/internal/handlers/auth.go:58.61,62.3 3 0
guidely-app/internal/handlers/auth.go:63.2,67.16 2 1
guidely-app/internal/handlers/auth.go:67.16,71.3 3 1
guidely-app/internal/handlers/auth.go:72.2,85.4 2 1
guidely-app/internal/handlers/auth.go:88.70,90.16 2 1
guidely-app/internal/handlers/auth.go:90.16,94.3 3 0
guidely-app/internal/handlers/auth.go:95.2,95.72 1 1
guidely-app/internal/handlers/auth.go:95.72,99.3 3 0
guidely-app/internal/handlers/auth.go:100.2,108.71 3 1
guidely-app/internal/handlers/auth.go:111.66,114.9 3 1
guidely-app/internal/handlers/auth.go:114.9,118.3 3 1
guidely-app/internal/handlers/auth.go:119.2,120.16 2 1
guidely-app/internal/handlers/auth.go:120.16,124.3 3 0
guidely-app/internal/handlers/auth.go:125.2,129.4 1 1
guidely-app/internal/handlers/place.go:17.71,19.2 1 1
guidely-app/internal/handlers/place.go:21.69,23.16 2 1
guidely-app/internal/handlers/place.go:23.16,27.3 3 1
guidely-app/internal/handlers/place.go:28.2,30.22 3 1
guidely-app/internal/handlers/place.go:30.22,31.39 1 0
guidely-app/internal/handlers/place.go:31.39,33.4 1 0
guidely-app/internal/handlers/place.go:35.2,37.27 3 1
guidely-app/internal/handlers/place.go:37.27,55.25 3 1
guidely-app/internal/handlers/place.go:55.25,61.4 1 0
guidely-app/internal/handlers/place.go:62.3,62.24 1 1
guidely-app/internal/handlers/place.go:62.24,64.32 2 0
guidely-app/internal/handlers/place.go:64.32,71.5 1 0
guidely-app/internal/handlers/place.go:73.3,73.34 1 1
guidely-app/internal/handlers/place.go:75.2,76.37 2 1
guidely-app/internal/handlers/place.go:79.75,82.16 3 1
guidely-app/internal/handlers/place.go:82.16,86.3 3 0
guidely-app/internal/handlers/place.go:87.2,89.22 3 1
guidely-app/internal/handlers/place.go:89.22,90.39 1 0
guidely-app/internal/handlers/place.go:90.39,92.4 1 0
guidely-app/internal/handlers/place.go:94.2,95.16 2 1
guidely-app/internal/handlers/place.go:95.16,99.3 3 1
guidely-app/internal/handlers/place.go:100.2,101.34 2 1
guidely-app/internal/handlers/place.go:104.75,107.16 3 1
guidely-app/internal/handlers/place.go:107.16,111.3 3 0
guidely-app/internal/handlers/place.go:112.2,113.16 2 1
guidely-app/internal/handlers/place.go:113.16,117.3 3 0
guidely-app/internal/handlers/place.go:118.2,119.36 2 1
guidely-app/internal/handlers/profile.go:14.79,16.2 1 1
guidely-app/internal/handlers/profile.go:18.77,21.9 3 1
guidely-app/internal/handlers/profile.go:21.9,25.3 3 1
guidely-app/internal/handlers/profile.go:26.2,27.16 2 1
guidely-app/internal/handlers/profile.go:27.16,31.3 3 0
guidely-app/internal/handlers/profile.go:32.2,43.37 3 1
guidely-app/internal/handlers/profile.go:46.80,49.9 3 1
guidely-app/internal/handlers/profile.go:49.9,53.3 3 1
guidely-app/internal/handlers/profile.go:54.2,55.61 2 1
guidely-app/internal/handlers/profile.go:55.61,59.3 3 1
guidely-app/internal/handlers/profile.go:60.2,68.16 3 1
guidely-app/internal/handlers/profile.go:68.16,72.3 3 0
guidely-app/internal/handlers/profile.go:73.2,84.37 3 1
guidely-app/internal/handlers/review.go:18.75,20.2 1 1
guidely-app/internal/handlers/review.go:22.41,23.26 1 1
guidely-app/internal/handlers/review.go:23.26,25.3 1 0
guidely-app/internal/handlers/review.go:26.2,27.16 2 1
guidely-app/internal/handlers/review.go:27.16,29.3 1 0
guidely-app/internal/handlers/review.go:30.2,30.11 1 1
guidely-app/internal/handlers/review.go:33.72,36.9 3 1
guidely-app/internal/handlers/review.go:36.9,40.3 3 1
guidely-app/internal/handlers/review.go:41.2,42.61 2 1
guidely-app/internal/handlers/review.go:42.61,46.3 3 0
guidely-app/internal/handlers/review.go:47.2,56.16 3 1
guidely-app/internal/handlers/review.go:56.16,60.3 3 0
guidely-app/internal/handlers/review.go:61.2,62.63 2 1
guidely-app/internal/handlers/review.go:65.72,68.9 3 1
guidely-app/internal/handlers/review.go:68.9,72.3 3 1
guidely-app/internal/handlers/review.go:73.2,75.16 3 1
guidely-app/internal/handlers/review.go:75.16,79.3 3 1
guidely-app/internal/handlers/review.go:80.2,80.72 1 1
guidely-app/internal/handlers/review.go:80.72,84.3 3 1
guidely-app/internal/handlers/review.go:85.2,85.37 1 1
guidely-app/internal/handlers/trip.go:19.67,21.2 1 1
guidely-app/internal/handlers/trip.go:23.45,24.26 1 1
guidely-app/internal/handlers/trip.go:24.26,26.3 1 1
guidely-app/internal/handlers/trip.go:27.2,28.16 2 0
guidely-app/internal/handlers/trip.go:28.16,30.3 1 0
guidely-app/internal/handlers/trip.go:31.2,31.11 1 0
guidely-app/internal/handlers/trip.go:34.68,37.9 3 1
guidely-app/internal/handlers/trip.go:37.9,41.3 3 1
guidely-app/internal/handlers/trip.go:42.2,43.16 2 1
guidely-app/internal/handlers/trip.go:43.16,47.3 3 0
guidely-app/internal/handlers/trip.go:48.2,49.26 2 1
guidely-app/internal/handlers/trip.go:49.26,58.3 1 1
guidely-app/internal/handlers/trip.go:59.2,60.37 2 1
guidely-app/internal/handlers/trip.go:63.70,66.9 3 1
guidely-app/internal/handlers/trip.go:66.9,70.3 3 1
guidely-app/internal/handlers/trip.go:71.2,72.61 2 1
guidely-app/internal/handlers/trip.go:72.61,76.3 3 0
guidely-app/internal/handlers/trip.go:77.2,87.16 3 1
guidely-app/internal/handlers/trip.go:87.16,91.3 3 0
guidely-app/internal/handlers/trip.go:92.2,96.4 2 1
guidely-app/internal/handlers/trip.go:99.74,102.9 3 1
guidely-app/internal/handlers/trip.go:102.9,106.3 3 0
guidely-app/internal/handlers/trip.go:107.2,108.16 2 1
guidely-app/internal/handlers/trip.go:108.16,113.3 4 0
guidely-app/internal/handlers/trip.go:114.2,115.16 2 1
guidely-app/internal/handlers/trip.go:115.16,116.38 1 1
guidely-app/internal/handlers/trip.go:116.38,120.4 3 1
guidely-app/internal/handlers/trip.go:121.3,123.9 3 0
guidely-app/internal/handlers/trip.go:125.2,135.37 3 1
guidely-app/internal/handlers/trip.go:138.70,141.9 3 1
guidely-app/internal/handlers/trip.go:141.9,145.3 3 1
guidely-app/internal/handlers/trip.go:146.2,148.16 3 1
guidely-app/internal/handlers/trip.go:148.16,152.3 3 0
guidely-app/internal/handlers/trip.go:153.2,154.61 2 1
guidely-app/internal/handlers/trip.go:154.61,158.3 3 0
guidely-app/internal/handlers/trip.go:159.2,169.16 3 1
guidely-app/internal/handlers/trip.go:169.16,173.3 3 0
guidely-app/internal/handlers/trip.go:174.2,175.63 2 1
guidely-app/internal/handlers/trip.go:178.70,181.9 3 1
guidely-app/internal/handlers/trip.go:181.9,185.3 3 1
guidely-app/internal/handlers/trip.go:186.2,188.16 3 1
guidely-app/internal/handlers/trip.go:188.16,192.3 3 0
guidely-app/internal/handlers/trip.go:193.2,193.70 1 1
guidely-app/internal/handlers/trip.go:193.70,197.3 3 0
guidely-app/internal/handlers/trip.go:198.2,198.37 1 1
guidely-app/internal/db/postgres.go:10.57,13.16 3 1
guidely-app/internal/db/postgres.go:13.16,15.3 1 1
guidely-app/internal/db/postgres.go:16.2,16.39 1 1
guidely-app/internal/db/postgres.go:16.39,18.3 1 1
guidely-app/internal/db/postgres.go:19.2,19.18 1 0
guidely-app/cmd/api/main.go:19.13,21.16 2 0
guidely-app/cmd/api/main.go:21.16,23.3 1 0
guidely-app/cmd/api/main.go:25.2,26.16 2 0
guidely-app/cmd/api/main.go:26.16,28.3 1 0
guidely-app/cmd/api/main.go:29.2,87.49 39 0
guidely-app/docs/docs.go:154.13,156.2 1 0
guidely-app/internal/service/mocks/mock_auth_service.go:28.67,32.2 3 0
guidely-app/internal/service/mocks/mock_auth_service.go:35.65,37.2 1 0
guidely-app/internal/service/mocks/mock_auth_service.go:40.96,46.2 5 0
guidely-app/internal/service/mocks/mock_auth_service.go:49.89,52.2 2 0
guidely-app/internal/service/mocks/mock_auth_service.go:55.110,62.2 6 0
guidely-app/internal/service/mocks/mock_auth_service.go:65.83,68.2 2 0
guidely-app/internal/service/mocks/mock_auth_service.go:71.75,76.2 4 0
guidely-app/internal/service/mocks/mock_auth_service.go:79.84,82.2 2 0
guidely-app/internal/service/mocks/mock_auth_service.go:85.116,92.2 6 0
guidely-app/internal/service/mocks/mock_auth_service.go:95.86,98.2 2 0
guidely-app/internal/service/mocks/mock_place_service.go:27.69,31.2 3 0
guidely-app/internal/service/mocks/mock_place_service.go:34.67,36.2 1 0
guidely-app/internal/service/mocks/mock_place_service.go:39.81,45.2 5 0
guidely-app/internal/service/mocks/mock_place_service.go:48.79,51.2 2 0
guidely-app/internal/service/mocks/mock_place_service.go:54.113,60.2 5 0
guidely-app/internal/service/mocks/mock_place_service.go:63.95,66.2 2 0
guidely-app/internal/service/mocks/mock_place_service.go:69.109,75.2 5 0
guidely-app/internal/service/mocks/mock_place_service.go:78.89,81.2 2 0
guidely-app/internal/service/mocks/mock_profile_service.go:28.73,32.2 3 0
guidely-app/internal/service/mocks/mock_profile_service.go:35.71,37.2 1 0
guidely-app/internal/service/mocks/mock_profile_service.go:40.98,46.2 5 0
guidely-app/internal/service/mocks/mock_profile_service.go:49.91,52.2 2 0
guidely-app/internal/service/mocks/mock_profile_service.go:55.134,61.2 5 0
guidely-app/internal/service/mocks/mock_profile_service.go:64.100,67.2 2 0
guidely-app/internal/service/mocks/mock_review_service.go:28.71,32.2 3 0
guidely-app/internal/service/mocks/mock_review_service.go:35.69,37.2 1 0
guidely-app/internal/service/mocks/mock_review_service.go:40.114,46.2 5 0
guidely-app/internal/service/mocks/mock_review_service.go:49.86,52.2 2 0
guidely-app/internal/service/mocks/mock_review_service.go:55.83,60.2 4 0
guidely-app/internal/service/mocks/mock_review_service.go:63.92,66.2 2 0
guidely-app/internal/service/mocks/mock_trip_service.go:28.67,32.2 3 0
guidely-app/internal/service/mocks/mock_trip_service.go:35.65,37.2 1 0
guidely-app/internal/service/mocks/mock_trip_service.go:40.108,46.2 5 0
guidely-app/internal/service/mocks/mock_trip_service.go:49.84,52.2 2 0
guidely-app/internal/service/mocks/mock_trip_service.go:55.81,60.2 4 0
guidely-app/internal/service/mocks/mock_trip_service.go:63.90,66.2 2 0
guidely-app/internal/service/mocks/mock_trip_service.go:69.121,76.2 6 0
guidely-app/internal/service/mocks/mock_trip_service.go:79.92,82.2 2 0
guidely-app/internal/service/mocks/mock_trip_service.go:85.98,91.2 5 0
guidely-app/internal/service/mocks/mock_trip_service.go:94.90,97.2 2 0
guidely-app/internal/service/mocks/mock_trip_service.go:100.127,106.2 5 0
guidely-app/internal/service/mocks/mock_trip_service.go:109.96,112.2 2 0
guidely-app/internal/testutil/ptr.go:5.34,7.2 1 0
guidely-app/internal/testutil/ptr.go:9.28,11.2 1 0
guidely-app/internal/testutil/ptr.go:13.38,15.2 1 0
guidely-app/internal/repository/mocks/mock_repository.go:27.73,31.2 3 0
guidely-app/internal/repository/mocks/mock_repository.go:34.71,36.2 1 0
guidely-app/internal/repository/mocks/mock_repository.go:39.84,44.2 4 0
guidely-app/internal/repository/mocks/mock_repository.go:47.87,50.2 2 0
guidely-app/internal/repository/mocks/mock_repository.go:53.98,59.2 5 0
guidely-app/internal/repository/mocks/mock_repository.go:62.91,65.2 2 0
guidely-app/internal/repository/mocks/mock_repository.go:68.95,74.2 5 0
guidely-app/internal/repository/mocks/mock_repository.go:77.88,80.2 2 0
guidely-app/internal/repository/mocks/mock_repository.go:83.101,89.2 5 0
guidely-app/internal/repository/mocks/mock_repository.go:92.94,95.2 2 0
guidely-app/internal/repository/mocks/mock_repository.go:98.84,103.2 4 0
guidely-app/internal/repository/mocks/mock_repository.go:106.87,109.2 2 0
guidely-app/internal/repository/mocks/mock_repository.go:123.79,127.2 3 0
guidely-app/internal/repository/mocks/mock_repository.go:130.77,132.2 1 0
guidely-app/internal/repository/mocks/mock_repository.go:135.90,140.2 4 0
guidely-app/internal/repository/mocks/mock_repository.go:143.90,146.2 2 0
guidely-app/internal/repository/mocks/mock_repository.go:149.88,154.2 4 0
guidely-app/internal/repository/mocks/mock_repository.go:157.97,160.2 2 0
guidely-app/internal/repository/mocks/mock_repository.go:163.104,169.2 5 0
guidely-app/internal/repository/mocks/mock_repository.go:172.94,175.2 2 0
guidely-app/internal/repository/mocks/mock_repository.go:189.75,193.2 3 0
guidely-app/internal/repository/mocks/mock_repository.go:196.73,198.2 1 0
guidely-app/internal/repository/mocks/mock_repository.go:201.84,207.2 5 0
guidely-app/internal/repository/mocks/mock_repository.go:210.82,213.2 2 0
guidely-app/internal/repository/mocks/mock_repository.go:216.97,222.2 5 0
guidely-app/internal/repository/mocks/mock_repository.go:225.89,228.2 2 0
guidely-app/internal/repository/mocks/mock_repository.go:231.126,237.2 5 0
guidely-app/internal/repository/mocks/mock_repository.go:240.108,243.2 2 0
guidely-app/internal/repository/mocks/mock_repository.go:257.73,261.2 3 0
guidely-app/internal/repository/mocks/mock_repository.go:264.71,266.2 1 0
guidely-app/internal/repository/mocks/mock_repository.go:269.103,274.2 4 0
guidely-app/internal/repository/mocks/mock_repository.go:277.106,280.2 2 0
guidely-app/internal/repository/mocks/mock_repository.go:283.84,288.2 4 0
guidely-app/internal/repository/mocks/mock_repository.go:291.87,294.2 2 0
guidely-app/internal/repository/mocks/mock_repository.go:297.78,302.2 4 0
guidely-app/internal/repository/mocks/mock_repository.go:305.87,308.2 2 0
guidely-app/internal/repository/mocks/mock_repository.go:311.110,317.2 5 0
guidely-app/internal/repository/mocks/mock_repository.go:320.95,323.2 2 0
guidely-app/internal/repository/mocks/mock_repository.go:326.95,332.2 5 0
guidely-app/internal/repository/mocks/mock_repository.go:335.88,338.2 2 0
guidely-app/internal/repository/mocks/mock_repository.go:341.98,347.2 5 0
guidely-app/internal/repository/mocks/mock_repository.go:350.90,353.2 2 0
guidely-app/internal/repository/mocks/mock_repository.go:356.84,361.2 4 0
guidely-app/internal/repository/mocks/mock_repository.go:364.87,367.2 2 0
guidely-app/internal/repository/mocks/mock_repository.go:381.77,385.2 3 0
guidely-app/internal/repository/mocks/mock_repository.go:388.75,390.2 1 0
guidely-app/internal/repository/mocks/mock_repository.go:393.88,398.2 4 0
guidely-app/internal/repository/mocks/mock_repository.go:401.89,404.2 2 0
guidely-app/internal/repository/mocks/mock_repository.go:407.80,412.2 4 0
guidely-app/internal/repository/mocks/mock_repository.go:415.89,418.2 2 0
guidely-app/internal/repository/mocks/mock_repository.go:421.99,427.2 5 0
guidely-app/internal/repository/mocks/mock_repository.go:430.90,433.2 2 0
guidely-app/internal/repository/mocks/mock_repository.go:436.125,442.2 5 0
guidely-app/internal/repository/mocks/mock_repository.go:445.105,448.2 2 0
guidely-app/scripts/internal/repository/mocks/mock_repository.go:27.73,31.2 3 0
guidely-app/scripts/internal/repository/mocks/mock_repository.go:34.71,36.2 1 0
guidely-app/scripts/internal/repository/mocks/mock_repository.go:39.84,44.2 4 0
guidely-app/scripts/internal/repository/mocks/mock_repository.go:47.87,50.2 2 0
guidely-app/scripts/internal/repository/mocks/mock_repository.go:53.98,59.2 5 0
guidely-app/scripts/internal/repository/mocks/mock_repository.go:62.91,65.2 2 0
guidely-app/scripts/internal/repository/mocks/mock_repository.go:68.95,74.2 5 0
guidely-app/scripts/internal/repository/mocks/mock_repository.go:77.88,80.2 2 0
guidely-app/scripts/internal/repository/mocks/mock_repository.go:83.101,89.2 5 0
guidely-app/scripts/internal/repository/mocks/mock_repository.go:92.94,95.2 2 0
guidely-app/scripts/internal/repository/mocks/mock_repository.go:98.84,103.2 4 0
guidely-app/scripts/internal/repository/mocks/mock_repository.go:106.87,109.2 2 0
guidely-app/scripts/internal/repository/mocks/mock_repository.go:123.79,127.2 3 0
guidely-app/scripts/internal/repository/mocks/mock_repository.go:130.77,132.2 1 0
guidely-app/scripts/internal/repository/mocks/mock_repository.go:135.90,140.2 4 0
guidely-app/scripts/internal/repository/mocks/mock_repository.go:143.90,146.2 2 0
guidely-app/scripts/internal/repository/mocks/mock_repository.go:149.88,154.2 4 0
guidely-app/scripts/internal/repository/mocks/mock_repository.go:157.97,160.2 2 0
guidely-app/scripts/internal/repository/mocks/mock_repository.go:163.104,169.2 5 0
guidely-app/scripts/internal/repository/mocks/mock_repository.go:172.94,175.2 2 0
guidely-app/scripts/internal/repository/mocks/mock_repository.go:189.75,193.2 3 0
guidely-app/scripts/internal/repository/mocks/mock_repository.go:196.73,198.2 1 0
guidely-app/scripts/internal/repository/mocks/mock_repository.go:201.84,207.2 5 0
guidely-app/scripts/internal/repository/mocks/mock_repository.go:210.82,213.2 2 0
guidely-app/scripts/internal/repository/mocks/mock_repository.go:216.97,222.2 5 0
guidely-app/scripts/internal/repository/mocks/mock_repository.go:225.89,228.2 2 0
guidely-app/scripts/internal/repository/mocks/mock_repository.go:231.126,237.2 5 0
guidely-app/scripts/internal/repository/mocks/mock_repository.go:240.108,243.2 2 0
guidely-app/scripts/internal/repository/mocks/mock_repository.go:257.73,261.2 3 0
guidely-app/scripts/internal/repository/mocks/mock_repository.go:264.71,266.2 1 0
guidely-app/scripts/internal/repository/mocks/mock_repository.go:269.103,274.2 4 0
guidely-app/scripts/internal/repository/mocks/mock_repository.go:277.106,280.2 2 0
guidely-app/scripts/internal/repository/mocks/mock_repository.go:283.84,288.2 4 0
guidely-app/scripts/internal/repository/mocks/mock_repository.go:291.87,294.2 2 0
guidely-app/scripts/internal/repository/mocks/mock_repository.go:297.78,302.2 4 0
guidely-app/scripts/internal/repository/mocks/mock_repository.go:305.87,308.2 2 0
guidely-app/scripts/internal/repository/mocks/mock_repository.go:311.110,317.2 5 0
guidely-app/scripts/internal/repository/mocks/mock_repository.go:320.95,323.2 2 0
guidely-app/scripts/internal/repository/mocks/mock_repository.go:326.95,332.2 5 0
guidely-app/scripts/internal/repository/mocks/mock_repository.go:335.88,338.2 2 0
guidely-app/scripts/internal/repository/mocks/mock_repository.go:341.98,347.2 5 0
guidely-app/scripts/internal/repository/mocks/mock_repository.go:350.90,353.2 2 0
guidely-app/scripts/internal/repository/mocks/mock_repository.go:356.84,361.2 4 0
guidely-app/scripts/internal/repository/mocks/mock_repository.go:364.87,367.2 2 0
guidely-app/scripts/internal/repository/mocks/mock_repository.go:381.77,385.2 3 0
guidely-app/scripts/internal/repository/mocks/mock_repository.go:388.75,390.2 1 0
guidely-app/scripts/internal/repository/mocks/mock_repository.go:393.88,398.2 4 0
guidely-app/scripts/internal/repository/mocks/mock_repository.go:401.89,404.2 2 0
guidely-app/scripts/internal/repository/mocks/mock_repository.go:407.80,412.2 4 0
guidely-app/scripts/internal/repository/mocks/mock_repository.go:415.89,418.2 2 0
guidely-app/scripts/internal/repository/mocks/mock_repository.go:421.99,427.2 5 0
guidely-app/scripts/internal/repository/mocks/mock_repository.go:430.90,433.2 2 0
guidely-app/scripts/internal/repository/mocks/mock_repository.go:436.125,442.2 5 0
guidely-app/scripts/internal/repository/mocks/mock_repository.go:445.105,448.2 2 0
guidely-app/internal/storage/memory.go:20.36,30.2 1 0
